src/components/avatars/AvatarCustomizer.tsx(42,21): error TS2353: Object literal may only specify known properties, and 'metadata' does not exist in type '{ avatar_url?: string | null | undefined; country?: string | null | undefined; created_at?: string | undefined; email?: string | undefined; full_name?: string | undefined; id?: string | undefined; language_pref?: string | ... 1 more ... | undefined; phone?: string | ... 1 more ... | undefined; updated_at?: string | ...'.
src/components/classes/ClassCard.tsx(43,40): error TS2339: Property 'scheduled_date' does not exist on type 'ClassWithStudent'.
src/components/classes/ClassCard.tsx(46,20): error TS2339: Property 'is_recovery' does not exist on type 'ClassWithStudent'.
src/components/classes/RecoveryClassDialog.tsx(36,7): error TS2353: Object literal may only specify known properties, and 'originalClassId' does not exist in type '{ studentId: string; startTime: string; endTime: string; title: string; description?: string | undefined; }'.
src/components/classes/RecoveryClassDialog.tsx(40,38): error TS2339: Property 'duration_minutes' does not exist on type 'ClassWithStudent'.
src/components/classes/WeekCalendar.tsx(38,53): error TS2339: Property 'scheduled_date' does not exist on type 'ClassWithStudent'.
src/components/classes/WeekCalendar.tsx(89,63): error TS2339: Property 'scheduled_date' does not exist on type 'ClassWithStudent'.
src/components/connection/ConnectionRequestCard.tsx(57,58): error TS2322: Type 'string | null | undefined' is not assignable to type 'string | undefined'.
  Type 'null' is not assignable to type 'string | undefined'.
src/components/layout/AdminSidebar.tsx(159,86): error TS2322: Type 'string | null | undefined' is not assignable to type 'string | undefined'.
  Type 'null' is not assignable to type 'string | undefined'.
src/components/layout/AdminSidebar.tsx(173,78): error TS2322: Type 'string | null | undefined' is not assignable to type 'string | undefined'.
  Type 'null' is not assignable to type 'string | undefined'.
src/components/layout/DashboardHeader.tsx(18,15): error TS2305: Module '"@/types/database"' has no exported member 'Notification'.
src/components/layout/DashboardHeader.tsx(81,60): error TS2322: Type 'string | null | undefined' is not assignable to type 'string | undefined'.
  Type 'null' is not assignable to type 'string | undefined'.
src/components/layout/DashboardSidebar.tsx(226,66): error TS2322: Type 'string | null | undefined' is not assignable to type 'string | undefined'.
  Type 'null' is not assignable to type 'string | undefined'.
src/components/layout/DashboardSidebar.tsx(241,62): error TS2322: Type 'string | null | undefined' is not assignable to type 'string | undefined'.
  Type 'null' is not assignable to type 'string | undefined'.
src/components/lessons/LessonCard.tsx(28,12): error TS2339: Property 'rating_concentration' does not exist on type 'Lesson'.
src/components/lessons/LessonCard.tsx(29,12): error TS2339: Property 'rating_revision' does not exist on type 'Lesson'.
src/components/lessons/LessonCard.tsx(42,49): error TS2339: Property 'avatar_url' does not exist on type '{ created_at: string; current_juzz: number | null; current_streak: number | null; current_surah: string | null; full_name: string; id: string; is_active: boolean | null; last_activity_date: string | null; ... 7 more ...; user_id: string | null; }'.
src/components/lessons/LessonCard.tsx(53,19): error TS2339: Property 'is_quick_lesson' does not exist on type 'Lesson'.
src/components/lessons/LessonCard.tsx(74,19): error TS2339: Property 'quran_subject' does not exist on type 'Lesson'.
src/components/lessons/LessonCard.tsx(76,23): error TS2339: Property 'quran_subject' does not exist on type 'Lesson'.
src/components/lessons/LessonDetailsDialog.tsx(47,49): error TS2339: Property 'avatar_url' does not exist on type '{ created_at: string; current_juzz: number | null; current_streak: number | null; current_surah: string | null; full_name: string; id: string; is_active: boolean | null; last_activity_date: string | null; ... 7 more ...; user_id: string | null; }'.
src/components/lessons/LessonDetailsDialog.tsx(57,21): error TS2339: Property 'is_quick_lesson' does not exist on type 'Lesson'.
src/components/lessons/LessonDetailsDialog.tsx(95,23): error TS2339: Property 'quran_subject' does not exist on type 'Lesson'.
src/components/lessons/LessonDetailsDialog.tsx(98,54): error TS2339: Property 'quran_subject' does not exist on type 'Lesson'.
src/components/lessons/LessonDetailsDialog.tsx(130,20): error TS2339: Property 'rating_concentration' does not exist on type 'Lesson'.
src/components/lessons/LessonDetailsDialog.tsx(130,51): error TS2339: Property 'rating_revision' does not exist on type 'Lesson'.
src/components/lessons/LessonDetailsDialog.tsx(136,27): error TS2339: Property 'rating_concentration' does not exist on type 'Lesson'.
src/components/lessons/LessonDetailsDialog.tsx(139,49): error TS2339: Property 'rating_concentration' does not exist on type 'Lesson'.
src/components/lessons/LessonDetailsDialog.tsx(142,27): error TS2339: Property 'rating_revision' does not exist on type 'Lesson'.
src/components/lessons/LessonDetailsDialog.tsx(145,49): error TS2339: Property 'rating_revision' does not exist on type 'Lesson'.
src/components/lessons/LessonDetailsDialog.tsx(160,20): error TS2339: Property 'fundamental_islam' does not exist on type 'Lesson'.
src/components/lessons/LessonDetailsDialog.tsx(160,48): error TS2339: Property 'ethics' does not exist on type 'Lesson'.
src/components/lessons/LessonDetailsDialog.tsx(166,27): error TS2339: Property 'fundamental_islam' does not exist on type 'Lesson'.
src/components/lessons/LessonDetailsDialog.tsx(169,34): error TS2339: Property 'fundamental_islam' does not exist on type 'Lesson'.
src/components/lessons/LessonDetailsDialog.tsx(172,27): error TS2339: Property 'ethics' does not exist on type 'Lesson'.
src/components/lessons/LessonDetailsDialog.tsx(175,34): error TS2339: Property 'ethics' does not exist on type 'Lesson'.
src/components/lessons/LessonDetailsDialog.tsx(184,19): error TS2339: Property 'comments' does not exist on type 'Lesson'.
src/components/lessons/LessonDetailsDialog.tsx(192,70): error TS2339: Property 'comments' does not exist on type 'Lesson'.
src/components/lessons/RemarkCard.tsx(18,30): error TS2344: Type '"examiner_remarks"' does not satisfy the constraint '"announcements" | "classes" | "students" | "exams" | "exam_grading" | "teachers" | "exam_requests" | "feedback" | "achievements" | "profiles" | "auth_activity_logs" | "admin_audit_logs" | ... 18 more ... | "user_roles"'.
src/components/lessons/RemarkCard.tsx(31,51): error TS2339: Property 'teacher_response' does not exist on type '{ student?: { created_at: string; current_juzz: number | null; current_streak: number | null; current_surah: string | null; full_name: string; id: string; is_active: boolean | null; ... 8 more ...; user_id: string | null; } | null | undefined; lesson?: { ...; } | ... 1 more ... | undefined; }'.
src/components/lessons/RemarkCard.tsx(39,32): error TS2339: Property 'teacher_response' does not exist on type '{ student?: { created_at: string; current_juzz: number | null; current_streak: number | null; current_surah: string | null; full_name: string; id: string; is_active: boolean | null; ... 8 more ...; user_id: string | null; } | null | undefined; lesson?: { ...; } | ... 1 more ... | undefined; }'.
src/components/lessons/RemarkCard.tsx(42,22): error TS2339: Property 'id' does not exist on type '{ student?: { created_at: string; current_juzz: number | null; current_streak: number | null; current_surah: string | null; full_name: string; id: string; is_active: boolean | null; ... 8 more ...; user_id: string | null; } | null | undefined; lesson?: { ...; } | ... 1 more ... | undefined; }'.
src/components/lessons/RemarkCard.tsx(53,51): error TS2339: Property 'avatar_url' does not exist on type '{ created_at: string; current_juzz: number | null; current_streak: number | null; current_surah: string | null; full_name: string; id: string; is_active: boolean | null; last_activity_date: string | null; ... 7 more ...; user_id: string | null; }'.
src/components/lessons/RemarkCard.tsx(60,49): error TS2339: Property 'created_at' does not exist on type '{ student?: { created_at: string; current_juzz: number | null; current_streak: number | null; current_surah: string | null; full_name: string; id: string; is_active: boolean | null; ... 8 more ...; user_id: string | null; } | null | undefined; lesson?: { ...; } | ... 1 more ... | undefined; }'.
src/components/lessons/RemarkCard.tsx(76,42): error TS2339: Property 'remarks_text' does not exist on type '{ student?: { created_at: string; current_juzz: number | null; current_streak: number | null; current_surah: string | null; full_name: string; id: string; is_active: boolean | null; ... 8 more ...; user_id: string | null; } | null | undefined; lesson?: { ...; } | ... 1 more ... | undefined; }'.
src/components/lessons/RemarkCard.tsx(79,19): error TS2339: Property 'tags' does not exist on type '{ student?: { created_at: string; current_juzz: number | null; current_streak: number | null; current_surah: string | null; full_name: string; id: string; is_active: boolean | null; ... 8 more ...; user_id: string | null; } | null | undefined; lesson?: { ...; } | ... 1 more ... | undefined; }'.
src/components/lessons/RemarkCard.tsx(79,34): error TS2339: Property 'tags' does not exist on type '{ student?: { created_at: string; current_juzz: number | null; current_streak: number | null; current_surah: string | null; full_name: string; id: string; is_active: boolean | null; ... 8 more ...; user_id: string | null; } | null | undefined; lesson?: { ...; } | ... 1 more ... | undefined; }'.
src/components/lessons/RemarkCard.tsx(81,23): error TS2339: Property 'tags' does not exist on type '{ student?: { created_at: string; current_juzz: number | null; current_streak: number | null; current_surah: string | null; full_name: string; id: string; is_active: boolean | null; ... 8 more ...; user_id: string | null; } | null | undefined; lesson?: { ...; } | ... 1 more ... | undefined; }'.
src/components/lessons/RemarkCard.tsx(103,19): error TS2339: Property 'teacher_response' does not exist on type '{ student?: { created_at: string; current_juzz: number | null; current_streak: number | null; current_surah: string | null; full_name: string; id: string; is_active: boolean | null; ... 8 more ...; user_id: string | null; } | null | undefined; lesson?: { ...; } | ... 1 more ... | undefined; }'.
src/components/lessons/RemarkCard.tsx(106,46): error TS2339: Property 'teacher_response' does not exist on type '{ student?: { created_at: string; current_juzz: number | null; current_streak: number | null; current_surah: string | null; full_name: string; id: string; is_active: boolean | null; ... 8 more ...; user_id: string | null; } | null | undefined; lesson?: { ...; } | ... 1 more ... | undefined; }'.
src/components/lessons/RemarkCard.tsx(133,68): error TS2339: Property 'remarks_text' does not exist on type '{ student?: { created_at: string; current_juzz: number | null; current_streak: number | null; current_surah: string | null; full_name: string; id: string; is_active: boolean | null; ... 8 more ...; user_id: string | null; } | null | undefined; lesson?: { ...; } | ... 1 more ... | undefined; }'.
src/components/notifications/NotificationDrawer.tsx(45,30): error TS2352: Conversion of type '{ created_at: string; id: string; is_read: boolean | null; message: string; title: string; type: "system" | "class_reminder" | "admin_message" | "task_assignment" | "announcement" | "feedback"; user_id: string | null; }[]' to type 'Notification[]' may be a mistake because neither type sufficiently overlaps with the other. If this was intentional, convert the expression to 'unknown' first.
  Property 'read' is missing in type '{ created_at: string; id: string; is_read: boolean | null; message: string; title: string; type: "system" | "class_reminder" | "admin_message" | "task_assignment" | "announcement" | "feedback"; user_id: string | null; }' but required in type 'Notification'.
src/components/notifications/NotificationDrawer.tsx(53,23): error TS2353: Object literal may only specify known properties, and 'read' does not exist in type '{ created_at?: string | undefined; id?: string | undefined; is_read?: boolean | null | undefined; message?: string | undefined; title?: string | undefined; type?: "system" | "class_reminder" | ... 4 more ... | undefined; user_id?: string | ... 1 more ... | undefined; }'.
src/components/notifications/NotificationDrawer.tsx(67,23): error TS2353: Object literal may only specify known properties, and 'read' does not exist in type '{ created_at?: string | undefined; id?: string | undefined; is_read?: boolean | null | undefined; message?: string | undefined; title?: string | undefined; type?: "system" | "class_reminder" | ... 4 more ... | undefined; user_id?: string | ... 1 more ... | undefined; }'.
src/components/quran/HafizPathMap.tsx(28,25): error TS2345: Argument of type 'Surah[]' is not assignable to parameter of type 'never'.
src/components/quran/HafizPathMap.tsx(44,32): error TS2339: Property 'map' does not exist on type 'never'.
src/components/quran/HafizPathMap.tsx(87,50): error TS2339: Property 'length' does not exist on type 'never'.
src/components/quran/HafizPathMap.tsx(100,75): error TS2339: Property 'length' does not exist on type 'never'.
src/components/reminders/ReminderCard.tsx(10,24): error TS2344: Type '"reminders"' does not satisfy the constraint '"announcements" | "classes" | "students" | "exams" | "exam_grading" | "teachers" | "exam_requests" | "feedback" | "achievements" | "profiles" | "auth_activity_logs" | "admin_audit_logs" | ... 18 more ... | "user_roles"'.
src/components/reminders/ReminderCard.tsx(22,32): error TS2339: Property 'is_completed' does not exist on type '{ student?: { created_at: string; current_juzz: number | null; current_streak: number | null; current_surah: string | null; full_name: string; id: string; is_active: boolean | null; ... 8 more ...; user_id: string | null; } | null | undefined; }'.
src/components/reminders/ReminderCard.tsx(23,62): error TS2339: Property 'remind_at' does not exist on type '{ student?: { created_at: string; current_juzz: number | null; current_streak: number | null; current_surah: string | null; full_name: string; id: string; is_active: boolean | null; ... 8 more ...; user_id: string | null; } | null | undefined; }'.
src/components/reminders/ReminderCard.tsx(38,27): error TS2339: Property 'title' does not exist on type '{ student?: { created_at: string; current_juzz: number | null; current_streak: number | null; current_surah: string | null; full_name: string; id: string; is_active: boolean | null; ... 8 more ...; user_id: string | null; } | null | undefined; }'.
src/components/reminders/ReminderCard.tsx(59,19): error TS2339: Property 'description' does not exist on type '{ student?: { created_at: string; current_juzz: number | null; current_streak: number | null; current_surah: string | null; full_name: string; id: string; is_active: boolean | null; ... 8 more ...; user_id: string | null; } | null | undefined; }'.
src/components/reminders/ReminderCard.tsx(61,23): error TS2339: Property 'description' does not exist on type '{ student?: { created_at: string; current_juzz: number | null; current_streak: number | null; current_surah: string | null; full_name: string; id: string; is_active: boolean | null; ... 8 more ...; user_id: string | null; } | null | undefined; }'.
src/components/reminders/ReminderCard.tsx(68,45): error TS2339: Property 'remind_at' does not exist on type '{ student?: { created_at: string; current_juzz: number | null; current_streak: number | null; current_surah: string | null; full_name: string; id: string; is_active: boolean | null; ... 8 more ...; user_id: string | null; } | null | undefined; }'.
src/components/reminders/ReminderCard.tsx(72,45): error TS2339: Property 'remind_at' does not exist on type '{ student?: { created_at: string; current_juzz: number | null; current_streak: number | null; current_surah: string | null; full_name: string; id: string; is_active: boolean | null; ... 8 more ...; user_id: string | null; } | null | undefined; }'.
src/components/reminders/ReminderCard.tsx(76,55): error TS2339: Property 'remind_at' does not exist on type '{ student?: { created_at: string; current_juzz: number | null; current_streak: number | null; current_surah: string | null; full_name: string; id: string; is_active: boolean | null; ... 8 more ...; user_id: string | null; } | null | undefined; }'.
src/components/reminders/ReminderCard.tsx(85,50): error TS2339: Property 'avatar_url' does not exist on type '{ created_at: string; current_juzz: number | null; current_streak: number | null; current_surah: string | null; full_name: string; id: string; is_active: boolean | null; last_activity_date: string | null; ... 7 more ...; user_id: string | null; }'.
src/components/reminders/ReminderCard.tsx(97,56): error TS2339: Property 'id' does not exist on type '{ student?: { created_at: string; current_juzz: number | null; current_streak: number | null; current_surah: string | null; full_name: string; id: string; is_active: boolean | null; ... 8 more ...; user_id: string | null; } | null | undefined; }'.
src/components/reminders/ReminderCard.tsx(106,56): error TS2339: Property 'id' does not exist on type '{ student?: { created_at: string; current_juzz: number | null; current_streak: number | null; current_surah: string | null; full_name: string; id: string; is_active: boolean | null; ... 8 more ...; user_id: string | null; } | null | undefined; }'.
src/components/reminders/ReminderCard.tsx(117,46): error TS2339: Property 'id' does not exist on type '{ student?: { created_at: string; current_juzz: number | null; current_streak: number | null; current_surah: string | null; full_name: string; id: string; is_active: boolean | null; ... 8 more ...; user_id: string | null; } | null | undefined; }'.
src/components/salary/DeductionCard.tsx(36,34): error TS2339: Property 'review_status' does not exist on type '{ amount: number; created_at: string; description: string | null; id: string; reason: string; teacher_id: string | null; }'.
src/components/salary/DeductionCard.tsx(48,48): error TS2339: Property 'deduction_date' does not exist on type '{ amount: number; created_at: string; description: string | null; id: string; reason: string; teacher_id: string | null; }'.
src/components/salary/DeductionCard.tsx(66,25): error TS2339: Property 'review_requested' does not exist on type '{ amount: number; created_at: string; description: string | null; id: string; reason: string; teacher_id: string | null; }'.
src/components/salary/DeductionCard.tsx(75,23): error TS2339: Property 'review_requested' does not exist on type '{ amount: number; created_at: string; description: string | null; id: string; reason: string; teacher_id: string | null; }'.
src/components/salary/DeductionCard.tsx(75,54): error TS2339: Property 'review_status' does not exist on type '{ amount: number; created_at: string; description: string | null; id: string; reason: string; teacher_id: string | null; }'.
src/components/salary/SalaryCard.tsx(47,59): error TS2339: Property 'base_salary' does not exist on type '{ amount: number; bonus: number | null; created_at: string; deductions: number | null; id: string; month: number; net_salary: number; notes: string | null; payout_id: string | null; status: string | null; teacher_id: string | null; year: number; }'.
src/components/salary/SalaryCard.tsx(52,51): error TS2339: Property 'classes_count' does not exist on type '{ amount: number; bonus: number | null; created_at: string; deductions: number | null; id: string; month: number; net_salary: number; notes: string | null; payout_id: string | null; status: string | null; teacher_id: string | null; year: number; }'.
src/components/salary/SalaryCard.tsx(65,32): error TS2339: Property 'total_deductions' does not exist on type '{ amount: number; bonus: number | null; created_at: string; deductions: number | null; id: string; month: number; net_salary: number; notes: string | null; payout_id: string | null; status: string | null; teacher_id: string | null; year: number; }'.
src/components/salary/SalarySummary.tsx(41,63): error TS2339: Property 'base_salary' does not exist on type '{ amount: number; bonus: number | null; created_at: string; deductions: number | null; id: string; month: number; net_salary: number; notes: string | null; payout_id: string | null; status: string | null; teacher_id: string | null; year: number; }'.
src/components/salary/SalarySummary.tsx(43,21): error TS2339: Property 'classes_count' does not exist on type '{ amount: number; bonus: number | null; created_at: string; deductions: number | null; id: string; month: number; net_salary: number; notes: string | null; payout_id: string | null; status: string | null; teacher_id: string | null; year: number; }'.
src/components/salary/SalarySummary.tsx(68,30): error TS2339: Property 'total_deductions' does not exist on type '{ amount: number; bonus: number | null; created_at: string; deductions: number | null; id: string; month: number; net_salary: number; notes: string | null; payout_id: string | null; status: string | null; teacher_id: string | null; year: number; }'.
src/components/students/StudentCard.tsx(8,15): error TS2459: Module '"@/hooks/useStudents"' declares 'Student' locally, but it is not exported.
src/components/tasks/TaskCard.tsx(15,15): error TS2305: Module '"@/types/database"' has no exported member 'Task'.
src/components/teacher/TeacherStatusToggle.tsx(14,15): error TS2305: Module '"@/types/database"' has no exported member 'AvailabilityStatus'.
src/components/teacher/TeacherStatusToggle.tsx(28,56): error TS2339: Property 'availability_status' does not exist on type 'Teacher'.
src/components/teacher/TeacherStatusToggle.tsx(38,27): error TS2353: Object literal may only specify known properties, and 'availability_status' does not exist in type '{ bio?: string | null | undefined; created_at?: string | undefined; hire_date?: string | null | undefined; id?: string | undefined; is_profile_hidden?: boolean | null | undefined; is_verified?: boolean | ... 1 more ... | undefined; ... 7 more ...; verification_notes?: string | ... 1 more ... | undefined; }'.
src/contexts/RealtimeContext.tsx(80,78): error TS2339: Property 'read' does not exist on type '{ created_at: string; id: string; is_read: boolean | null; message: string; title: string; type: "system" | "class_reminder" | "admin_message" | "task_assignment" | "announcement" | "feedback"; user_id: string | null; }'.
src/contexts/RealtimeContext.tsx(80,107): error TS2339: Property 'read' does not exist on type 'Partial<{ created_at: string; id: string; is_read: boolean | null; message: string; title: string; type: "system" | "class_reminder" | "admin_message" | "task_assignment" | "announcement" | "feedback"; user_id: string | null; }>'.
src/contexts/RealtimeContext.tsx(100,37): error TS2339: Property 'key' does not exist on type '{} | { description: string | null; key: string; updated_at: string | null; value: string; }'.
  Property 'key' does not exist on type '{}'.
src/contexts/RealtimeContext.tsx(101,58): error TS2339: Property 'value' does not exist on type '{} | { description: string | null; key: string; updated_at: string | null; value: string; }'.
  Property 'value' does not exist on type '{}'.
src/contexts/RealtimeContext.tsx(102,41): error TS2339: Property 'value' does not exist on type '{} | { description: string | null; key: string; updated_at: string | null; value: string; }'.
  Property 'value' does not exist on type '{}'.
src/hooks/useAttendance.ts(82,14): error TS2352: Conversion of type '{ class_id: string; created_at: string; id: string; note: string | null; recorded_at: string; status: "present" | "absent" | "late" | "leave" | "no_answer"; student_id: string; teacher_id: string; updated_by: string | null; student: { ...; }; class: { ...; }; }[]' to type 'AttendanceWithDetails[]' may be a mistake because neither type sufficiently overlaps with the other. If this was intentional, convert the expression to 'unknown' first.
  Type '{ class_id: string; created_at: string; id: string; note: string | null; recorded_at: string; status: "present" | "absent" | "late" | "leave" | "no_answer"; student_id: string; teacher_id: string; updated_by: string | null; student: { ...; }; class: { ...; }; }' is not comparable to type 'AttendanceWithDetails'.
    Types of property 'student' are incompatible.
      Type '{ created_at: string; current_juzz: number | null; current_streak: number | null; current_surah: string | null; full_name: string; id: string; is_active: boolean | null; last_activity_date: string | null; ... 7 more ...; user_id: string | null; }' is missing the following properties from type 'Student': email, phone, avatar_url, country_code, and 11 more.
src/hooks/useAttendance.ts(166,14): error TS2352: Conversion of type '{ actual_end_time: string | null; actual_start_time: string | null; call_room_id: string | null; call_room_url: string | null; created_at: string; description: string | null; duration_minutes: number | null; ... 14 more ...; student: { ...; } | null; }[]' to type '(Class & { student: Student; })[]' may be a mistake because neither type sufficiently overlaps with the other. If this was intentional, convert the expression to 'unknown' first.
  Type '{ actual_end_time: string | null; actual_start_time: string | null; call_room_id: string | null; call_room_url: string | null; created_at: string; description: string | null; duration_minutes: number | null; ... 14 more ...; student: { ...; } | null; }' is not comparable to type 'Class & { student: Student; }'.
    Type '{ actual_end_time: string | null; actual_start_time: string | null; call_room_id: string | null; call_room_url: string | null; created_at: string; description: string | null; duration_minutes: number | null; ... 14 more ...; student: { ...; } | null; }' is not comparable to type 'Class'.
      Types of property 'student' are incompatible.
        Type '{ created_at: string; current_juzz: number | null; current_streak: number | null; current_surah: string | null; full_name: string; id: string; is_active: boolean | null; last_activity_date: string | null; ... 7 more ...; user_id: string | null; } | null' is not comparable to type 'Student | undefined'.
          Type '{ created_at: string; current_juzz: number | null; current_streak: number | null; current_surah: string | null; full_name: string; id: string; is_active: boolean | null; last_activity_date: string | null; ... 7 more ...; user_id: string | null; }' is missing the following properties from type 'Student': email, phone, avatar_url, country_code, and 11 more.
src/hooks/useClasses.ts(167,10): error TS2769: No overload matches this call.
  Overload 1 of 2, '(values: { actual_end_time?: string | null | undefined; actual_start_time?: string | null | undefined; call_room_id?: string | null | undefined; call_room_url?: string | null | undefined; ... 16 more ...; updated_at?: string | undefined; }, options?: { ...; } | undefined): PostgrestFilterBuilder<...>', gave the following error.
    Argument of type '{ teacher_id: string; student_id: string; start_time: string; end_time: string; title: string; description: string; status: ClassStatus; }' is not assignable to parameter of type '{ actual_end_time?: string | null | undefined; actual_start_time?: string | null | undefined; call_room_id?: string | null | undefined; call_room_url?: string | null | undefined; ... 16 more ...; updated_at?: string | undefined; }'.
      Property 'scheduled_date' is missing in type '{ teacher_id: string; student_id: string; start_time: string; end_time: string; title: string; description: string; status: ClassStatus; }' but required in type '{ actual_end_time?: string | null | undefined; actual_start_time?: string | null | undefined; call_room_id?: string | null | undefined; call_room_url?: string | null | undefined; ... 16 more ...; updated_at?: string | undefined; }'.
  Overload 2 of 2, '(values: { actual_end_time?: string | null | undefined; actual_start_time?: string | null | undefined; call_room_id?: string | null | undefined; call_room_url?: string | null | undefined; ... 16 more ...; updated_at?: string | undefined; }[], options?: { ...; } | undefined): PostgrestFilterBuilder<...>', gave the following error.
    Object literal may only specify known properties, and 'teacher_id' does not exist in type '{ actual_end_time?: string | null | undefined; actual_start_time?: string | null | undefined; call_room_id?: string | null | undefined; call_room_url?: string | null | undefined; ... 16 more ...; updated_at?: string | undefined; }[]'.
src/hooks/useCommunication.ts(6,15): error TS2305: Module '"@/integrations/supabase/types"' has no exported member 'TablesInsert'.
src/hooks/useCommunication.ts(137,14): error TS2352: Conversion of type '{ booking_id: string | null; comment: string | null; created_at: string; id: string; rating: number; student_id: string | null; teacher_id: string | null; }[]' to type 'Feedback[]' may be a mistake because neither type sufficiently overlaps with the other. If this was intentional, convert the expression to 'unknown' first.
  Property 'message' is missing in type '{ booking_id: string | null; comment: string | null; created_at: string; id: string; rating: number; student_id: string | null; teacher_id: string | null; }' but required in type 'Feedback'.
src/hooks/useCommunication.ts(146,19): error TS2353: Object literal may only specify known properties, and 'teacher_response' does not exist in type '{ booking_id?: string | null | undefined; comment?: string | null | undefined; created_at?: string | undefined; id?: string | undefined; rating?: number | undefined; student_id?: string | null | undefined; teacher_id?: string | ... 1 more ... | undefined; }'.
src/hooks/useConnectionRequests.ts(33,14): error TS2352: Conversion of type '{ created_at: string; id: string; message: string | null; status: "accepted" | "rejected" | "pending"; student_id: string | null; teacher_id: string | null; updated_at: string; student: SelectQueryError<...> | null; }[]' to type 'ConnectionRequest[]' may be a mistake because neither type sufficiently overlaps with the other. If this was intentional, convert the expression to 'unknown' first.
  Property 'responded_at' is missing in type '{ created_at: string; id: string; message: string | null; status: "accepted" | "rejected" | "pending"; student_id: string | null; teacher_id: string | null; updated_at: string; student: SelectQueryError<...> | null; }' but required in type 'ConnectionRequest'.
src/hooks/useDocuments.ts(5,15): error TS2305: Module '"@/types/database"' has no exported member 'RulesDocument'.
src/hooks/useDocuments.ts(5,30): error TS2305: Module '"@/types/database"' has no exported member 'Instruction'.
src/hooks/useDocuments.ts(17,15): error TS2769: No overload matches this call.
  Overload 1 of 2, '(relation: "announcements" | "classes" | "students" | "exams" | "exam_grading" | "teachers" | "exam_requests" | "feedback" | "achievements" | "profiles" | "auth_activity_logs" | "admin_audit_logs" | ... 18 more ... | "user_roles"): PostgrestQueryBuilder<...>', gave the following error.
    Argument of type '"rules_documents"' is not assignable to parameter of type '"announcements" | "classes" | "students" | "exams" | "exam_grading" | "teachers" | "exam_requests" | "feedback" | "achievements" | "profiles" | "auth_activity_logs" | "admin_audit_logs" | ... 18 more ... | "user_roles"'.
  Overload 2 of 2, '(relation: never): PostgrestQueryBuilder<{ PostgrestVersion: "12"; }, { Tables: { achievements: { Row: { created_at: string; description: string; icon: string; id: string; requirement_type: string; requirement_value: number; title: string; }; Insert: { ...; }; Update: { ...; }; Relationships: []; }; ... 29 more ...; user_roles: { ...; }; }; Views: {}; Functions: { ...; }; Enums: { ...; }; CompositeTypes: {}; }, never, never, never>', gave the following error.
    Argument of type '"rules_documents"' is not assignable to parameter of type 'never'.
src/hooks/useDocuments.ts(54,15): error TS2769: No overload matches this call.
  Overload 1 of 2, '(relation: "announcements" | "classes" | "students" | "exams" | "exam_grading" | "teachers" | "exam_requests" | "feedback" | "achievements" | "profiles" | "auth_activity_logs" | "admin_audit_logs" | ... 18 more ... | "user_roles"): PostgrestQueryBuilder<...>', gave the following error.
    Argument of type '"instructions"' is not assignable to parameter of type '"announcements" | "classes" | "students" | "exams" | "exam_grading" | "teachers" | "exam_requests" | "feedback" | "achievements" | "profiles" | "auth_activity_logs" | "admin_audit_logs" | ... 18 more ... | "user_roles"'.
  Overload 2 of 2, '(relation: never): PostgrestQueryBuilder<{ PostgrestVersion: "12"; }, { Tables: { achievements: { Row: { created_at: string; description: string; icon: string; id: string; requirement_type: string; requirement_value: number; title: string; }; Insert: { ...; }; Update: { ...; }; Relationships: []; }; ... 29 more ...; user_roles: { ...; }; }; Views: {}; Functions: { ...; }; Enums: { ...; }; CompositeTypes: {}; }, never, never, never>', gave the following error.
    Argument of type '"instructions"' is not assignable to parameter of type 'never'.
src/hooks/useExaminerRemarks.ts(7,30): error TS2344: Type '"examiner_remarks"' does not satisfy the constraint '"announcements" | "classes" | "students" | "exams" | "exam_grading" | "teachers" | "exam_requests" | "feedback" | "achievements" | "profiles" | "auth_activity_logs" | "admin_audit_logs" | ... 18 more ... | "user_roles"'.
src/hooks/useExaminerRemarks.ts(22,37): error TS2589: Type instantiation is excessively deep and possibly infinite.
src/hooks/useExaminerRemarks.ts(23,15): error TS2769: No overload matches this call.
  Overload 1 of 2, '(relation: "announcements" | "classes" | "students" | "exams" | "exam_grading" | "teachers" | "exam_requests" | "feedback" | "achievements" | "profiles" | "auth_activity_logs" | "admin_audit_logs" | ... 18 more ... | "user_roles"): PostgrestQueryBuilder<...>', gave the following error.
    Argument of type '"examiner_remarks"' is not assignable to parameter of type '"announcements" | "classes" | "students" | "exams" | "exam_grading" | "teachers" | "exam_requests" | "feedback" | "achievements" | "profiles" | "auth_activity_logs" | "admin_audit_logs" | ... 18 more ... | "user_roles"'.
  Overload 2 of 2, '(relation: never): PostgrestQueryBuilder<{ PostgrestVersion: "12"; }, { Tables: { achievements: { Row: { created_at: string; description: string; icon: string; id: string; requirement_type: string; requirement_value: number; title: string; }; Insert: { ...; }; Update: { ...; }; Relationships: []; }; ... 29 more ...; user_roles: { ...; }; }; Views: {}; Functions: { ...; }; Enums: { ...; }; CompositeTypes: {}; }, never, never, never>', gave the following error.
    Argument of type '"examiner_remarks"' is not assignable to parameter of type 'never'.
src/hooks/useExaminerRemarks.ts(41,15): error TS2769: No overload matches this call.
  Overload 1 of 2, '(relation: "announcements" | "classes" | "students" | "exams" | "exam_grading" | "teachers" | "exam_requests" | "feedback" | "achievements" | "profiles" | "auth_activity_logs" | "admin_audit_logs" | ... 18 more ... | "user_roles"): PostgrestQueryBuilder<...>', gave the following error.
    Argument of type '"examiner_remarks"' is not assignable to parameter of type '"announcements" | "classes" | "students" | "exams" | "exam_grading" | "teachers" | "exam_requests" | "feedback" | "achievements" | "profiles" | "auth_activity_logs" | "admin_audit_logs" | ... 18 more ... | "user_roles"'.
  Overload 2 of 2, '(relation: never): PostgrestQueryBuilder<{ PostgrestVersion: "12"; }, { Tables: { achievements: { Row: { created_at: string; description: string; icon: string; id: string; requirement_type: string; requirement_value: number; title: string; }; Insert: { ...; }; Update: { ...; }; Relationships: []; }; ... 29 more ...; user_roles: { ...; }; }; Views: {}; Functions: { ...; }; Enums: { ...; }; CompositeTypes: {}; }, never, never, never>', gave the following error.
    Argument of type '"examiner_remarks"' is not assignable to parameter of type 'never'.
src/hooks/useExaminerRemarks.ts(42,19): error TS2353: Object literal may only specify known properties, and 'teacher_response' does not exist in type '{ created_at?: string | undefined; description?: string | undefined; icon?: string | undefined; id?: string | undefined; requirement_type?: string | undefined; requirement_value?: number | undefined; title?: string | undefined; } | ... 29 more ... | { ...; }'.
src/hooks/useExaminerRemarks.ts(62,16): error TS2345: Argument of type '{ created_at: string; current_juzz: number | null; current_streak: number | null; current_surah: string | null; full_name: string; id: string; is_active: boolean | null; last_activity_date: string | null; ... 7 more ...; user_id: string | null; }' is not assignable to parameter of type '{ id: string; full_name: string; avatar_url: string | null; }'.
  Property 'avatar_url' is missing in type '{ created_at: string; current_juzz: number | null; current_streak: number | null; current_surah: string | null; full_name: string; id: string; is_active: boolean | null; last_activity_date: string | null; ... 7 more ...; user_id: string | null; }' but required in type '{ id: string; full_name: string; avatar_url: string | null; }'.
src/hooks/useExaminerRemarks.ts(69,48): error TS2339: Property 'teacher_response' does not exist on type '{ student?: { created_at: string; current_juzz: number | null; current_streak: number | null; current_surah: string | null; full_name: string; id: string; is_active: boolean | null; ... 8 more ...; user_id: string | null; } | null | undefined; lesson?: { ...; } | ... 1 more ... | undefined; }'.
src/hooks/useExaminerRemarks.ts(70,49): error TS2339: Property 'teacher_response' does not exist on type '{ student?: { created_at: string; current_juzz: number | null; current_streak: number | null; current_surah: string | null; full_name: string; id: string; is_active: boolean | null; ... 8 more ...; user_id: string | null; } | null | undefined; lesson?: { ...; } | ... 1 more ... | undefined; }'.
src/hooks/useIncomingCall.ts(92,46): error TS2769: No overload matches this call.
  Overload 1 of 2, '(values: { class_id?: string | null | undefined; created_at?: string | undefined; duration?: number | null | undefined; event_type: "initiated" | "ringing" | "accepted" | "rejected" | "failed" | "connected" | "disconnected" | "timeout"; id?: string | undefined; metadata?: Json | undefined; user_id?: string | ... 1 more ... | undefined; }, options?: { ...; } | undefined): PostgrestFilterBuilder<...>', gave the following error.
    Argument of type '{ class_id: string; teacher_id: string; student_id: string; event: string; room_id: string | null; room_url: string; }[]' is not assignable to parameter of type '{ class_id?: string | null | undefined; created_at?: string | undefined; duration?: number | null | undefined; event_type: "initiated" | "ringing" | "accepted" | "rejected" | "failed" | "connected" | "disconnected" | "timeout"; id?: string | undefined; metadata?: Json | undefined; user_id?: string | ... 1 more ... |...'.
      Property 'event_type' is missing in type '{ class_id: string; teacher_id: string; student_id: string; event: string; room_id: string | null; room_url: string; }[]' but required in type '{ class_id?: string | null | undefined; created_at?: string | undefined; duration?: number | null | undefined; event_type: "initiated" | "ringing" | "accepted" | "rejected" | "failed" | "connected" | "disconnected" | "timeout"; id?: string | undefined; metadata?: Json | undefined; user_id?: string | ... 1 more ... |...'.
  Overload 2 of 2, '(values: { class_id?: string | null | undefined; created_at?: string | undefined; duration?: number | null | undefined; event_type: "initiated" | "ringing" | "accepted" | "rejected" | "failed" | "connected" | "disconnected" | "timeout"; id?: string | undefined; metadata?: Json | undefined; user_id?: string | ... 1 more ... | undefined; }[], options?: { ...; } | undefined): PostgrestFilterBuilder<...>', gave the following error.
    Object literal may only specify known properties, and 'teacher_id' does not exist in type '{ class_id?: string | null | undefined; created_at?: string | undefined; duration?: number | null | undefined; event_type: "initiated" | "ringing" | "accepted" | "rejected" | "failed" | "connected" | "disconnected" | "timeout"; id?: string | undefined; metadata?: Json | undefined; user_id?: string | ... 1 more ... |...'.
src/hooks/useIncomingCall.ts(112,48): error TS2769: No overload matches this call.
  Overload 1 of 2, '(values: { class_id?: string | null | undefined; created_at?: string | undefined; duration?: number | null | undefined; event_type: "initiated" | "ringing" | "accepted" | "rejected" | "failed" | "connected" | "disconnected" | "timeout"; id?: string | undefined; metadata?: Json | undefined; user_id?: string | ... 1 more ... | undefined; }, options?: { ...; } | undefined): PostgrestFilterBuilder<...>', gave the following error.
    Argument of type '{ class_id: string; teacher_id: string; student_id: string; event: string; room_id: string | null; room_url: string | null; }[]' is not assignable to parameter of type '{ class_id?: string | null | undefined; created_at?: string | undefined; duration?: number | null | undefined; event_type: "initiated" | "ringing" | "accepted" | "rejected" | "failed" | "connected" | "disconnected" | "timeout"; id?: string | undefined; metadata?: Json | undefined; user_id?: string | ... 1 more ... |...'.
      Property 'event_type' is missing in type '{ class_id: string; teacher_id: string; student_id: string; event: string; room_id: string | null; room_url: string | null; }[]' but required in type '{ class_id?: string | null | undefined; created_at?: string | undefined; duration?: number | null | undefined; event_type: "initiated" | "ringing" | "accepted" | "rejected" | "failed" | "connected" | "disconnected" | "timeout"; id?: string | undefined; metadata?: Json | undefined; user_id?: string | ... 1 more ... |...'.
  Overload 2 of 2, '(values: { class_id?: string | null | undefined; created_at?: string | undefined; duration?: number | null | undefined; event_type: "initiated" | "ringing" | "accepted" | "rejected" | "failed" | "connected" | "disconnected" | "timeout"; id?: string | undefined; metadata?: Json | undefined; user_id?: string | ... 1 more ... | undefined; }[], options?: { ...; } | undefined): PostgrestFilterBuilder<...>', gave the following error.
    Object literal may only specify known properties, and 'teacher_id' does not exist in type '{ class_id?: string | null | undefined; created_at?: string | undefined; duration?: number | null | undefined; event_type: "initiated" | "ringing" | "accepted" | "rejected" | "failed" | "connected" | "disconnected" | "timeout"; id?: string | undefined; metadata?: Json | undefined; user_id?: string | ... 1 more ... |...'.
src/hooks/useIncomingCall.ts(158,42): error TS2769: No overload matches this call.
  Overload 1 of 2, '(values: { class_id?: string | null | undefined; created_at?: string | undefined; duration?: number | null | undefined; event_type: "initiated" | "ringing" | "accepted" | "rejected" | "failed" | "connected" | "disconnected" | "timeout"; id?: string | undefined; metadata?: Json | undefined; user_id?: string | ... 1 more ... | undefined; }, options?: { ...; } | undefined): PostgrestFilterBuilder<...>', gave the following error.
    Argument of type '{ class_id: string; teacher_id: string | null; student_id: string | undefined; event: string; room_id: string; room_url: string; }[]' is not assignable to parameter of type '{ class_id?: string | null | undefined; created_at?: string | undefined; duration?: number | null | undefined; event_type: "initiated" | "ringing" | "accepted" | "rejected" | "failed" | "connected" | "disconnected" | "timeout"; id?: string | undefined; metadata?: Json | undefined; user_id?: string | ... 1 more ... |...'.
      Property 'event_type' is missing in type '{ class_id: string; teacher_id: string | null; student_id: string | undefined; event: string; room_id: string; room_url: string; }[]' but required in type '{ class_id?: string | null | undefined; created_at?: string | undefined; duration?: number | null | undefined; event_type: "initiated" | "ringing" | "accepted" | "rejected" | "failed" | "connected" | "disconnected" | "timeout"; id?: string | undefined; metadata?: Json | undefined; user_id?: string | ... 1 more ... |...'.
  Overload 2 of 2, '(values: { class_id?: string | null | undefined; created_at?: string | undefined; duration?: number | null | undefined; event_type: "initiated" | "ringing" | "accepted" | "rejected" | "failed" | "connected" | "disconnected" | "timeout"; id?: string | undefined; metadata?: Json | undefined; user_id?: string | ... 1 more ... | undefined; }[], options?: { ...; } | undefined): PostgrestFilterBuilder<...>', gave the following error.
    Object literal may only specify known properties, and 'teacher_id' does not exist in type '{ class_id?: string | null | undefined; created_at?: string | undefined; duration?: number | null | undefined; event_type: "initiated" | "ringing" | "accepted" | "rejected" | "failed" | "connected" | "disconnected" | "timeout"; id?: string | undefined; metadata?: Json | undefined; user_id?: string | ... 1 more ... |...'.
src/hooks/useLessons.ts(39,16): error TS2345: Argument of type '{ created_at: string; current_juzz: number | null; current_streak: number | null; current_surah: string | null; full_name: string; id: string; is_active: boolean | null; last_activity_date: string | null; ... 7 more ...; user_id: string | null; }' is not assignable to parameter of type '{ id: string; full_name: string; avatar_url: string | null; course_level: string | null; }'.
  Type '{ created_at: string; current_juzz: number | null; current_streak: number | null; current_surah: string | null; full_name: string; id: string; is_active: boolean | null; last_activity_date: string | null; ... 7 more ...; user_id: string | null; }' is missing the following properties from type '{ id: string; full_name: string; avatar_url: string | null; course_level: string | null; }': avatar_url, course_level
src/hooks/useReminders.ts(12,24): error TS2344: Type '"reminders"' does not satisfy the constraint '"announcements" | "classes" | "students" | "exams" | "exam_grading" | "teachers" | "exam_requests" | "feedback" | "achievements" | "profiles" | "auth_activity_logs" | "admin_audit_logs" | ... 18 more ... | "user_roles"'.
src/hooks/useReminders.ts(29,37): error TS2589: Type instantiation is excessively deep and possibly infinite.
src/hooks/useReminders.ts(30,15): error TS2769: No overload matches this call.
  Overload 1 of 2, '(relation: "announcements" | "classes" | "students" | "exams" | "exam_grading" | "teachers" | "exam_requests" | "feedback" | "achievements" | "profiles" | "auth_activity_logs" | "admin_audit_logs" | ... 18 more ... | "user_roles"): PostgrestQueryBuilder<...>', gave the following error.
    Argument of type '"reminders"' is not assignable to parameter of type '"announcements" | "classes" | "students" | "exams" | "exam_grading" | "teachers" | "exam_requests" | "feedback" | "achievements" | "profiles" | "auth_activity_logs" | "admin_audit_logs" | ... 18 more ... | "user_roles"'.
  Overload 2 of 2, '(relation: never): PostgrestQueryBuilder<{ PostgrestVersion: "12"; }, { Tables: { achievements: { Row: { created_at: string; description: string; icon: string; id: string; requirement_type: string; requirement_value: number; title: string; }; Insert: { ...; }; Update: { ...; }; Relationships: []; }; ... 29 more ...; user_roles: { ...; }; }; Views: {}; Functions: { ...; }; Enums: { ...; }; CompositeTypes: {}; }, never, never, never>', gave the following error.
    Argument of type '"reminders"' is not assignable to parameter of type 'never'.
src/hooks/useReminders.ts(55,15): error TS2769: No overload matches this call.
  Overload 1 of 2, '(relation: "announcements" | "classes" | "students" | "exams" | "exam_grading" | "teachers" | "exam_requests" | "feedback" | "achievements" | "profiles" | "auth_activity_logs" | "admin_audit_logs" | ... 18 more ... | "user_roles"): PostgrestQueryBuilder<...>', gave the following error.
    Argument of type '"reminders"' is not assignable to parameter of type '"announcements" | "classes" | "students" | "exams" | "exam_grading" | "teachers" | "exam_requests" | "feedback" | "achievements" | "profiles" | "auth_activity_logs" | "admin_audit_logs" | ... 18 more ... | "user_roles"'.
  Overload 2 of 2, '(relation: never): PostgrestQueryBuilder<{ PostgrestVersion: "12"; }, { Tables: { achievements: { Row: { created_at: string; description: string; icon: string; id: string; requirement_type: string; requirement_value: number; title: string; }; Insert: { ...; }; Update: { ...; }; Relationships: []; }; ... 29 more ...; user_roles: { ...; }; }; Views: {}; Functions: { ...; }; Enums: { ...; }; CompositeTypes: {}; }, never, never, never>', gave the following error.
    Argument of type '"reminders"' is not assignable to parameter of type 'never'.
src/hooks/useReminders.ts(75,15): error TS2769: No overload matches this call.
  Overload 1 of 2, '(relation: "announcements" | "classes" | "students" | "exams" | "exam_grading" | "teachers" | "exam_requests" | "feedback" | "achievements" | "profiles" | "auth_activity_logs" | "admin_audit_logs" | ... 18 more ... | "user_roles"): PostgrestQueryBuilder<...>', gave the following error.
    Argument of type '"reminders"' is not assignable to parameter of type '"announcements" | "classes" | "students" | "exams" | "exam_grading" | "teachers" | "exam_requests" | "feedback" | "achievements" | "profiles" | "auth_activity_logs" | "admin_audit_logs" | ... 18 more ... | "user_roles"'.
  Overload 2 of 2, '(relation: never): PostgrestQueryBuilder<{ PostgrestVersion: "12"; }, { Tables: { achievements: { Row: { created_at: string; description: string; icon: string; id: string; requirement_type: string; requirement_value: number; title: string; }; Insert: { ...; }; Update: { ...; }; Relationships: []; }; ... 29 more ...; user_roles: { ...; }; }; Views: {}; Functions: { ...; }; Enums: { ...; }; CompositeTypes: {}; }, never, never, never>', gave the following error.
    Argument of type '"reminders"' is not assignable to parameter of type 'never'.
src/hooks/useReminders.ts(96,15): error TS2769: No overload matches this call.
  Overload 1 of 2, '(relation: "announcements" | "classes" | "students" | "exams" | "exam_grading" | "teachers" | "exam_requests" | "feedback" | "achievements" | "profiles" | "auth_activity_logs" | "admin_audit_logs" | ... 18 more ... | "user_roles"): PostgrestQueryBuilder<...>', gave the following error.
    Argument of type '"reminders"' is not assignable to parameter of type '"announcements" | "classes" | "students" | "exams" | "exam_grading" | "teachers" | "exam_requests" | "feedback" | "achievements" | "profiles" | "auth_activity_logs" | "admin_audit_logs" | ... 18 more ... | "user_roles"'.
  Overload 2 of 2, '(relation: never): PostgrestQueryBuilder<{ PostgrestVersion: "12"; }, { Tables: { achievements: { Row: { created_at: string; description: string; icon: string; id: string; requirement_type: string; requirement_value: number; title: string; }; Insert: { ...; }; Update: { ...; }; Relationships: []; }; ... 29 more ...; user_roles: { ...; }; }; Views: {}; Functions: { ...; }; Enums: { ...; }; CompositeTypes: {}; }, never, never, never>', gave the following error.
    Argument of type '"reminders"' is not assignable to parameter of type 'never'.
src/hooks/useReminders.ts(97,19): error TS2353: Object literal may only specify known properties, and 'is_completed' does not exist in type '{ created_at?: string | undefined; description?: string | undefined; icon?: string | undefined; id?: string | undefined; requirement_type?: string | undefined; requirement_value?: number | undefined; title?: string | undefined; } | ... 29 more ... | { ...; }'.
src/hooks/useReminders.ts(117,15): error TS2769: No overload matches this call.
  Overload 1 of 2, '(relation: "announcements" | "classes" | "students" | "exams" | "exam_grading" | "teachers" | "exam_requests" | "feedback" | "achievements" | "profiles" | "auth_activity_logs" | "admin_audit_logs" | ... 18 more ... | "user_roles"): PostgrestQueryBuilder<...>', gave the following error.
    Argument of type '"reminders"' is not assignable to parameter of type '"announcements" | "classes" | "students" | "exams" | "exam_grading" | "teachers" | "exam_requests" | "feedback" | "achievements" | "profiles" | "auth_activity_logs" | "admin_audit_logs" | ... 18 more ... | "user_roles"'.
  Overload 2 of 2, '(relation: never): PostgrestQueryBuilder<{ PostgrestVersion: "12"; }, { Tables: { achievements: { Row: { created_at: string; description: string; icon: string; id: string; requirement_type: string; requirement_value: number; title: string; }; Insert: { ...; }; Update: { ...; }; Relationships: []; }; ... 29 more ...; user_roles: { ...; }; }; Views: {}; Functions: { ...; }; Enums: { ...; }; CompositeTypes: {}; }, never, never, never>', gave the following error.
    Argument of type '"reminders"' is not assignable to parameter of type 'never'.
src/hooks/useReminders.ts(135,51): error TS2339: Property 'is_completed' does not exist on type '{ student?: { created_at: string; current_juzz: number | null; current_streak: number | null; current_surah: string | null; full_name: string; id: string; is_active: boolean | null; ... 8 more ...; user_id: string | null; } | null | undefined; }'.
src/hooks/useReminders.ts(135,78): error TS2339: Property 'remind_at' does not exist on type '{ student?: { created_at: string; current_juzz: number | null; current_streak: number | null; current_surah: string | null; full_name: string; id: string; is_active: boolean | null; ... 8 more ...; user_id: string | null; } | null | undefined; }'.
src/hooks/useReminders.ts(136,50): error TS2339: Property 'is_completed' does not exist on type '{ student?: { created_at: string; current_juzz: number | null; current_streak: number | null; current_surah: string | null; full_name: string; id: string; is_active: boolean | null; ... 8 more ...; user_id: string | null; } | null | undefined; }'.
src/hooks/useReminders.ts(136,77): error TS2339: Property 'remind_at' does not exist on type '{ student?: { created_at: string; current_juzz: number | null; current_streak: number | null; current_surah: string | null; full_name: string; id: string; is_active: boolean | null; ... 8 more ...; user_id: string | null; } | null | undefined; }'.
src/hooks/useReminders.ts(137,51): error TS2339: Property 'is_completed' does not exist on type '{ student?: { created_at: string; current_juzz: number | null; current_streak: number | null; current_surah: string | null; full_name: string; id: string; is_active: boolean | null; ... 8 more ...; user_id: string | null; } | null | undefined; }'.
src/hooks/useSalary.ts(53,19): error TS2353: Object literal may only specify known properties, and 'review_requested' does not exist in type '{ amount?: number | undefined; created_at?: string | undefined; description?: string | null | undefined; id?: string | undefined; reason?: string | undefined; teacher_id?: string | null | undefined; }'.
src/hooks/useSalary.ts(72,61): error TS2339: Property 'startsWith' does not exist on type 'number'.
src/hooks/useSalary.ts(78,56): error TS2339: Property 'review_status' does not exist on type '{ amount: number; created_at: string; description: string | null; id: string; reason: string; teacher_id: string | null; }'.
src/hooks/useStudentConnection.ts(40,14): error TS2352: Conversion of type '{ created_at: string; id: string; message: string | null; status: "accepted" | "rejected" | "pending"; student_id: string | null; teacher_id: string | null; updated_at: string; teacher: { ...; } | null; }[]' to type '(ConnectionRequest & { teacher: TeacherWithProfile; })[]' may be a mistake because neither type sufficiently overlaps with the other. If this was intentional, convert the expression to 'unknown' first.
  Type '{ created_at: string; id: string; message: string | null; status: "accepted" | "rejected" | "pending"; student_id: string | null; teacher_id: string | null; updated_at: string; teacher: { ...; } | null; }' is not comparable to type 'ConnectionRequest & { teacher: TeacherWithProfile; }'.
    Property 'responded_at' is missing in type '{ created_at: string; id: string; message: string | null; status: "accepted" | "rejected" | "pending"; student_id: string | null; teacher_id: string | null; updated_at: string; teacher: { ...; } | null; }' but required in type 'ConnectionRequest'.
src/hooks/useStudentConnection.ts(101,27): error TS2345: Argument of type 'string | undefined' is not assignable to parameter of type 'string'.
  Type 'undefined' is not assignable to type 'string'.
src/hooks/useStudentMessages.ts(120,17): error TS2769: No overload matches this call.
  Overload 1 of 2, '(relation: "announcements" | "classes" | "students" | "exams" | "exam_grading" | "teachers" | "exam_requests" | "feedback" | "achievements" | "profiles" | "auth_activity_logs" | "admin_audit_logs" | ... 18 more ... | "user_roles"): PostgrestQueryBuilder<...>', gave the following error.
    Argument of type '"teacher_student_messages"' is not assignable to parameter of type '"announcements" | "classes" | "students" | "exams" | "exam_grading" | "teachers" | "exam_requests" | "feedback" | "achievements" | "profiles" | "auth_activity_logs" | "admin_audit_logs" | ... 18 more ... | "user_roles"'.
  Overload 2 of 2, '(relation: never): PostgrestQueryBuilder<{ PostgrestVersion: "12"; }, { Tables: { achievements: { Row: { created_at: string; description: string; icon: string; id: string; requirement_type: string; requirement_value: number; title: string; }; Insert: { ...; }; Update: { ...; }; Relationships: []; }; ... 29 more ...; user_roles: { ...; }; }; Views: {}; Functions: { ...; }; Enums: { ...; }; CompositeTypes: {}; }, never, never, never>', gave the following error.
    Argument of type '"teacher_student_messages"' is not assignable to parameter of type 'never'.
src/hooks/useStudentMessages.ts(127,16): error TS2352: Conversion of type '({ created_at: string; current_juzz: number | null; current_streak: number | null; current_surah: string | null; full_name: string; id: string; is_active: boolean | null; last_activity_date: string | null; ... 7 more ...; user_id: string | null; } | ... 29 more ... | { ...; })[]' to type 'Message[]' may be a mistake because neither type sufficiently overlaps with the other. If this was intentional, convert the expression to 'unknown' first.
  Type '{ created_at: string; current_juzz: number | null; current_streak: number | null; current_surah: string | null; full_name: string; id: string; is_active: boolean | null; last_activity_date: string | null; ... 7 more ...; user_id: string | null; } | ... 29 more ... | { ...; }' is not comparable to type 'Message'.
    Type '{ created_at: string; id: string; role: "admin" | "teacher" | "student"; user_id: string | null; }' is missing the following properties from type 'Message': teacher_id, student_id, sender_type, message, is_read
src/hooks/useStudentMessages.ts(211,15): error TS2769: No overload matches this call.
  Overload 1 of 2, '(relation: "announcements" | "classes" | "students" | "exams" | "exam_grading" | "teachers" | "exam_requests" | "feedback" | "achievements" | "profiles" | "auth_activity_logs" | "admin_audit_logs" | ... 18 more ... | "user_roles"): PostgrestQueryBuilder<...>', gave the following error.
    Argument of type '"teacher_student_messages"' is not assignable to parameter of type '"announcements" | "classes" | "students" | "exams" | "exam_grading" | "teachers" | "exam_requests" | "feedback" | "achievements" | "profiles" | "auth_activity_logs" | "admin_audit_logs" | ... 18 more ... | "user_roles"'.
  Overload 2 of 2, '(relation: never): PostgrestQueryBuilder<{ PostgrestVersion: "12"; }, { Tables: { achievements: { Row: { created_at: string; description: string; icon: string; id: string; requirement_type: string; requirement_value: number; title: string; }; Insert: { ...; }; Update: { ...; }; Relationships: []; }; ... 29 more ...; user_roles: { ...; }; }; Views: {}; Functions: { ...; }; Enums: { ...; }; CompositeTypes: {}; }, never, never, never>', gave the following error.
    Argument of type '"teacher_student_messages"' is not assignable to parameter of type 'never'.
src/hooks/useStudents.ts(135,19): error TS2353: Object literal may only specify known properties, and 'notes' does not exist in type '{ created_at?: string | undefined; current_juzz?: number | null | undefined; current_streak?: number | null | undefined; current_surah?: string | null | undefined; full_name?: string | undefined; ... 10 more ...; user_id?: string | ... 1 more ... | undefined; }'.
src/hooks/useStudentSettings.ts(40,15): error TS2769: No overload matches this call.
  Overload 1 of 2, '(relation: "announcements" | "classes" | "students" | "exams" | "exam_grading" | "teachers" | "exam_requests" | "feedback" | "achievements" | "profiles" | "auth_activity_logs" | "admin_audit_logs" | ... 18 more ... | "user_roles"): PostgrestQueryBuilder<...>', gave the following error.
    Argument of type '"student_settings"' is not assignable to parameter of type '"announcements" | "classes" | "students" | "exams" | "exam_grading" | "teachers" | "exam_requests" | "feedback" | "achievements" | "profiles" | "auth_activity_logs" | "admin_audit_logs" | ... 18 more ... | "user_roles"'.
  Overload 2 of 2, '(relation: never): PostgrestQueryBuilder<{ PostgrestVersion: "12"; }, { Tables: { achievements: { Row: { created_at: string; description: string; icon: string; id: string; requirement_type: string; requirement_value: number; title: string; }; Insert: { ...; }; Update: { ...; }; Relationships: []; }; ... 29 more ...; user_roles: { ...; }; }; Views: {}; Functions: { ...; }; Enums: { ...; }; CompositeTypes: {}; }, never, never, never>', gave the following error.
    Argument of type '"student_settings"' is not assignable to parameter of type 'never'.
src/hooks/useStudentSettings.ts(48,16): error TS2352: Conversion of type '{ notification_prefs: { email: boolean; push: boolean; sms: boolean; reminder_minutes?: number | undefined; }; accessibility_mode: "standard" | "senior" | "high-contrast"; created_at: string; ... 14 more ...; user_id: string | null; } | ... 29 more ... | { ...; }' to type 'StudentSettings' may be a mistake because neither type sufficiently overlaps with the other. If this was intentional, convert the expression to 'unknown' first.
  Type '{ notification_prefs: { email: boolean; push: boolean; sms: boolean; reminder_minutes?: number | undefined; }; accessibility_mode: "standard" | "senior" | "high-contrast"; created_at: string; id: string; role: "admin" | ... 1 more ... | "student"; user_id: string | null; }' is missing the following properties from type 'StudentSettings': student_id, timezone, video_pref, low_bandwidth_mode
src/hooks/useStudentSettings.ts(50,36): error TS2339: Property 'notification_prefs' does not exist on type '{ created_at: string; current_juzz: number | null; current_streak: number | null; current_surah: string | null; full_name: string; id: string; is_active: boolean | null; last_activity_date: string | null; ... 7 more ...; user_id: string | null; } | ... 29 more ... | { ...; }'.
  Property 'notification_prefs' does not exist on type '{ created_at: string; current_juzz: number | null; current_streak: number | null; current_surah: string | null; full_name: string; id: string; is_active: boolean | null; last_activity_date: string | null; ... 7 more ...; user_id: string | null; }'.
src/hooks/useStudentSettings.ts(51,37): error TS2339: Property 'accessibility_mode' does not exist on type '{ created_at: string; current_juzz: number | null; current_streak: number | null; current_surah: string | null; full_name: string; id: string; is_active: boolean | null; last_activity_date: string | null; ... 7 more ...; user_id: string | null; } | ... 29 more ... | { ...; }'.
  Property 'accessibility_mode' does not exist on type '{ created_at: string; current_juzz: number | null; current_streak: number | null; current_surah: string | null; full_name: string; id: string; is_active: boolean | null; last_activity_date: string | null; ... 7 more ...; user_id: string | null; }'.
src/hooks/useStudentSettings.ts(66,15): error TS2769: No overload matches this call.
  Overload 1 of 2, '(relation: "announcements" | "classes" | "students" | "exams" | "exam_grading" | "teachers" | "exam_requests" | "feedback" | "achievements" | "profiles" | "auth_activity_logs" | "admin_audit_logs" | ... 18 more ... | "user_roles"): PostgrestQueryBuilder<...>', gave the following error.
    Argument of type '"student_settings"' is not assignable to parameter of type '"announcements" | "classes" | "students" | "exams" | "exam_grading" | "teachers" | "exam_requests" | "feedback" | "achievements" | "profiles" | "auth_activity_logs" | "admin_audit_logs" | ... 18 more ... | "user_roles"'.
  Overload 2 of 2, '(relation: never): PostgrestQueryBuilder<{ PostgrestVersion: "12"; }, { Tables: { achievements: { Row: { created_at: string; description: string; icon: string; id: string; requirement_type: string; requirement_value: number; title: string; }; Insert: { ...; }; Update: { ...; }; Relationships: []; }; ... 29 more ...; user_roles: { ...; }; }; Views: {}; Functions: { ...; }; Enums: { ...; }; CompositeTypes: {}; }, never, never, never>', gave the following error.
    Argument of type '"student_settings"' is not assignable to parameter of type 'never'.
src/hooks/useTeacherLeave.ts(44,23): error TS2769: No overload matches this call.
  Overload 1 of 2, '(relation: "announcements" | "classes" | "students" | "exams" | "exam_grading" | "teachers" | "exam_requests" | "feedback" | "achievements" | "profiles" | "auth_activity_logs" | "admin_audit_logs" | ... 18 more ... | "user_roles"): PostgrestQueryBuilder<...>', gave the following error.
    Argument of type '"teacher_leave_requests"' is not assignable to parameter of type '"announcements" | "classes" | "students" | "exams" | "exam_grading" | "teachers" | "exam_requests" | "feedback" | "achievements" | "profiles" | "auth_activity_logs" | "admin_audit_logs" | ... 18 more ... | "user_roles"'.
  Overload 2 of 2, '(relation: never): PostgrestQueryBuilder<{ PostgrestVersion: "12"; }, { Tables: { achievements: { Row: { created_at: string; description: string; icon: string; id: string; requirement_type: string; requirement_value: number; title: string; }; Insert: { ...; }; Update: { ...; }; Relationships: []; }; ... 29 more ...; user_roles: { ...; }; }; Views: {}; Functions: { ...; }; Enums: { ...; }; CompositeTypes: {}; }, never, never, never>', gave the following error.
    Argument of type '"teacher_leave_requests"' is not assignable to parameter of type 'never'.
src/hooks/useTeacherLeave.ts(50,20): error TS2352: Conversion of type '({ created_at: string; current_juzz: number | null; current_streak: number | null; current_surah: string | null; full_name: string; id: string; is_active: boolean | null; last_activity_date: string | null; ... 7 more ...; user_id: string | null; } | ... 29 more ... | { ...; })[]' to type 'LeaveRequest[]' may be a mistake because neither type sufficiently overlaps with the other. If this was intentional, convert the expression to 'unknown' first.
  Type '{ created_at: string; current_juzz: number | null; current_streak: number | null; current_surah: string | null; full_name: string; id: string; is_active: boolean | null; last_activity_date: string | null; ... 7 more ...; user_id: string | null; } | ... 29 more ... | { ...; }' is not comparable to type 'LeaveRequest'.
    Type '{ created_at: string; id: string; role: "admin" | "teacher" | "student"; user_id: string | null; }' is missing the following properties from type 'LeaveRequest': teacher_id, leave_type, start_date, end_date, and 6 more.
src/hooks/useTeacherLeave.ts(61,23): error TS2769: No overload matches this call.
  Overload 1 of 2, '(relation: "announcements" | "classes" | "students" | "exams" | "exam_grading" | "teachers" | "exam_requests" | "feedback" | "achievements" | "profiles" | "auth_activity_logs" | "admin_audit_logs" | ... 18 more ... | "user_roles"): PostgrestQueryBuilder<...>', gave the following error.
    Argument of type '"teacher_leave_requests"' is not assignable to parameter of type '"announcements" | "classes" | "students" | "exams" | "exam_grading" | "teachers" | "exam_requests" | "feedback" | "achievements" | "profiles" | "auth_activity_logs" | "admin_audit_logs" | ... 18 more ... | "user_roles"'.
  Overload 2 of 2, '(relation: never): PostgrestQueryBuilder<{ PostgrestVersion: "12"; }, { Tables: { achievements: { Row: { created_at: string; description: string; icon: string; id: string; requirement_type: string; requirement_value: number; title: string; }; Insert: { ...; }; Update: { ...; }; Relationships: []; }; ... 29 more ...; user_roles: { ...; }; }; Views: {}; Functions: { ...; }; Enums: { ...; }; CompositeTypes: {}; }, never, never, never>', gave the following error.
    Argument of type '"teacher_leave_requests"' is not assignable to parameter of type 'never'.
src/hooks/useTeacherLeave.ts(86,23): error TS2769: No overload matches this call.
  Overload 1 of 2, '(relation: "announcements" | "classes" | "students" | "exams" | "exam_grading" | "teachers" | "exam_requests" | "feedback" | "achievements" | "profiles" | "auth_activity_logs" | "admin_audit_logs" | ... 18 more ... | "user_roles"): PostgrestQueryBuilder<...>', gave the following error.
    Argument of type '"teacher_leave_requests"' is not assignable to parameter of type '"announcements" | "classes" | "students" | "exams" | "exam_grading" | "teachers" | "exam_requests" | "feedback" | "achievements" | "profiles" | "auth_activity_logs" | "admin_audit_logs" | ... 18 more ... | "user_roles"'.
  Overload 2 of 2, '(relation: never): PostgrestQueryBuilder<{ PostgrestVersion: "12"; }, { Tables: { achievements: { Row: { created_at: string; description: string; icon: string; id: string; requirement_type: string; requirement_value: number; title: string; }; Insert: { ...; }; Update: { ...; }; Relationships: []; }; ... 29 more ...; user_roles: { ...; }; }; Views: {}; Functions: { ...; }; Enums: { ...; }; CompositeTypes: {}; }, never, never, never>', gave the following error.
    Argument of type '"teacher_leave_requests"' is not assignable to parameter of type 'never'.
src/hooks/useTeacherLeave.ts(134,43): error TS2589: Type instantiation is excessively deep and possibly infinite.
src/hooks/useTeacherLeave.ts(135,23): error TS2769: No overload matches this call.
  Overload 1 of 2, '(relation: "announcements" | "classes" | "students" | "exams" | "exam_grading" | "teachers" | "exam_requests" | "feedback" | "achievements" | "profiles" | "auth_activity_logs" | "admin_audit_logs" | ... 18 more ... | "user_roles"): PostgrestQueryBuilder<...>', gave the following error.
    Argument of type '"teacher_leave_requests"' is not assignable to parameter of type '"announcements" | "classes" | "students" | "exams" | "exam_grading" | "teachers" | "exam_requests" | "feedback" | "achievements" | "profiles" | "auth_activity_logs" | "admin_audit_logs" | ... 18 more ... | "user_roles"'.
  Overload 2 of 2, '(relation: never): PostgrestQueryBuilder<{ PostgrestVersion: "12"; }, { Tables: { achievements: { Row: { created_at: string; description: string; icon: string; id: string; requirement_type: string; requirement_value: number; title: string; }; Insert: { ...; }; Update: { ...; }; Relationships: []; }; ... 29 more ...; user_roles: { ...; }; }; Views: {}; Functions: { ...; }; Enums: { ...; }; CompositeTypes: {}; }, never, never, never>', gave the following error.
    Argument of type '"teacher_leave_requests"' is not assignable to parameter of type 'never'.
src/hooks/useTeacherLeave.ts(165,23): error TS2769: No overload matches this call.
  Overload 1 of 2, '(relation: "announcements" | "classes" | "students" | "exams" | "exam_grading" | "teachers" | "exam_requests" | "feedback" | "achievements" | "profiles" | "auth_activity_logs" | "admin_audit_logs" | ... 18 more ... | "user_roles"): PostgrestQueryBuilder<...>', gave the following error.
    Argument of type '"teacher_leave_requests"' is not assignable to parameter of type '"announcements" | "classes" | "students" | "exams" | "exam_grading" | "teachers" | "exam_requests" | "feedback" | "achievements" | "profiles" | "auth_activity_logs" | "admin_audit_logs" | ... 18 more ... | "user_roles"'.
  Overload 2 of 2, '(relation: never): PostgrestQueryBuilder<{ PostgrestVersion: "12"; }, { Tables: { achievements: { Row: { created_at: string; description: string; icon: string; id: string; requirement_type: string; requirement_value: number; title: string; }; Insert: { ...; }; Update: { ...; }; Relationships: []; }; ... 29 more ...; user_roles: { ...; }; }; Views: {}; Functions: { ...; }; Enums: { ...; }; CompositeTypes: {}; }, never, never, never>', gave the following error.
    Argument of type '"teacher_leave_requests"' is not assignable to parameter of type 'never'.
src/hooks/useVideoCall.ts(115,9): error TS2578: Unused '@ts-expect-error' directive.
src/pages/AddLesson.tsx(191,27): error TS2339: Property 'course_level' does not exist on type '{ created_at: string; current_juzz: number | null; current_streak: number | null; current_surah: string | null; full_name: string; id: string; is_active: boolean | null; last_activity_date: string | null; ... 7 more ...; user_id: string | null; }'.
src/pages/admin/AdminClasses.tsx(232,74): error TS2345: Argument of type 'string | undefined' is not assignable to parameter of type 'string'.
  Type 'undefined' is not assignable to type 'string'.
src/pages/admin/AdminPayments.tsx(36,43): error TS2589: Type instantiation is excessively deep and possibly infinite.
src/pages/admin/AdminPayments.tsx(37,23): error TS2769: No overload matches this call.
  Overload 1 of 2, '(relation: "announcements" | "classes" | "students" | "exams" | "exam_grading" | "teachers" | "exam_requests" | "feedback" | "achievements" | "profiles" | "auth_activity_logs" | "admin_audit_logs" | ... 18 more ... | "user_roles"): PostgrestQueryBuilder<...>', gave the following error.
    Argument of type '"transactions"' is not assignable to parameter of type '"announcements" | "classes" | "students" | "exams" | "exam_grading" | "teachers" | "exam_requests" | "feedback" | "achievements" | "profiles" | "auth_activity_logs" | "admin_audit_logs" | ... 18 more ... | "user_roles"'.
  Overload 2 of 2, '(relation: never): PostgrestQueryBuilder<{ PostgrestVersion: "12"; }, { Tables: { achievements: { Row: { created_at: string; description: string; icon: string; id: string; requirement_type: string; requirement_value: number; title: string; }; Insert: { ...; }; Update: { ...; }; Relationships: []; }; ... 29 more ...; user_roles: { ...; }; }; Views: {}; Functions: { ...; }; Enums: { ...; }; CompositeTypes: {}; }, never, never, never>', gave the following error.
    Argument of type '"transactions"' is not assignable to parameter of type 'never'.
src/pages/admin/AdminPayments.tsx(53,47): error TS2769: No overload matches this call.
  Overload 1 of 2, '(predicate: (value: ResultOne, index: number, array: ResultOne[]) => value is ResultOne, thisArg?: any): ResultOne[] | undefined', gave the following error.
    Argument of type '(payment: Transaction) => boolean' is not assignable to parameter of type '(value: ResultOne, index: number, array: ResultOne[]) => value is ResultOne'.
      Types of parameters 'payment' and 'value' are incompatible.
        Type 'ResultOne' is not assignable to type 'Transaction'.
  Overload 2 of 2, '(predicate: (value: ResultOne, index: number, array: ResultOne[]) => unknown, thisArg?: any): ResultOne[] | undefined', gave the following error.
    Argument of type '(payment: Transaction) => boolean' is not assignable to parameter of type '(value: ResultOne, index: number, array: ResultOne[]) => unknown'.
      Types of parameters 'payment' and 'value' are incompatible.
        Type 'ResultOne' is not assignable to type 'Transaction'.
src/pages/admin/AdminPayments.tsx(68,21): error TS2769: No overload matches this call.
  Overload 1 of 2, '(predicate: (value: ResultOne, index: number, array: ResultOne[]) => value is ResultOne, thisArg?: any): ResultOne[]', gave the following error.
    Argument of type '(p: Transaction) => boolean' is not assignable to parameter of type '(value: ResultOne, index: number, array: ResultOne[]) => value is ResultOne'.
      Types of parameters 'p' and 'value' are incompatible.
        Type 'ResultOne' is not assignable to type 'Transaction'.
  Overload 2 of 2, '(predicate: (value: ResultOne, index: number, array: ResultOne[]) => unknown, thisArg?: any): ResultOne[]', gave the following error.
    Argument of type '(p: Transaction) => boolean' is not assignable to parameter of type '(value: ResultOne, index: number, array: ResultOne[]) => unknown'.
      Types of parameters 'p' and 'value' are incompatible.
        Type 'ResultOne' is not assignable to type 'Transaction'.
src/pages/admin/AdminPayments.tsx(68,41): error TS2367: This comparison appears to be unintentional because the types '"failed" | "completed" | "cancelled" | "pending" | "refunded"' and '"paid"' have no overlap.
src/pages/admin/AdminPayments.tsx(69,21): error TS2769: No overload matches this call.
  Overload 1 of 3, '(callbackfn: (previousValue: ResultOne, currentValue: ResultOne, currentIndex: number, array: ResultOne[]) => ResultOne, initialValue: ResultOne): ResultOne', gave the following error.
    Argument of type '(acc: number, curr: Transaction) => number' is not assignable to parameter of type '(previousValue: ResultOne, currentValue: ResultOne, currentIndex: number, array: ResultOne[]) => ResultOne'.
      Types of parameters 'acc' and 'previousValue' are incompatible.
        Type 'ResultOne' is not assignable to type 'number'.
  Overload 2 of 3, '(callbackfn: (previousValue: number, currentValue: ResultOne, currentIndex: number, array: ResultOne[]) => number, initialValue: number): number', gave the following error.
    Argument of type '(acc: number, curr: Transaction) => number' is not assignable to parameter of type '(previousValue: number, currentValue: ResultOne, currentIndex: number, array: ResultOne[]) => number'.
      Types of parameters 'curr' and 'currentValue' are incompatible.
        Type 'ResultOne' is not assignable to type 'Transaction'.
src/pages/admin/AdminPayments.tsx(71,21): error TS2769: No overload matches this call.
  Overload 1 of 2, '(predicate: (value: ResultOne, index: number, array: ResultOne[]) => value is ResultOne, thisArg?: any): ResultOne[]', gave the following error.
    Argument of type '(p: Transaction) => boolean' is not assignable to parameter of type '(value: ResultOne, index: number, array: ResultOne[]) => value is ResultOne'.
      Types of parameters 'p' and 'value' are incompatible.
        Type 'ResultOne' is not assignable to type 'Transaction'.
  Overload 2 of 2, '(predicate: (value: ResultOne, index: number, array: ResultOne[]) => unknown, thisArg?: any): ResultOne[]', gave the following error.
    Argument of type '(p: Transaction) => boolean' is not assignable to parameter of type '(value: ResultOne, index: number, array: ResultOne[]) => unknown'.
      Types of parameters 'p' and 'value' are incompatible.
        Type 'ResultOne' is not assignable to type 'Transaction'.
src/pages/admin/AdminPayments.tsx(72,21): error TS2769: No overload matches this call.
  Overload 1 of 3, '(callbackfn: (previousValue: ResultOne, currentValue: ResultOne, currentIndex: number, array: ResultOne[]) => ResultOne, initialValue: ResultOne): ResultOne', gave the following error.
    Argument of type '(acc: number, curr: Transaction) => number' is not assignable to parameter of type '(previousValue: ResultOne, currentValue: ResultOne, currentIndex: number, array: ResultOne[]) => ResultOne'.
      Types of parameters 'acc' and 'previousValue' are incompatible.
        Type 'ResultOne' is not assignable to type 'number'.
  Overload 2 of 3, '(callbackfn: (previousValue: number, currentValue: ResultOne, currentIndex: number, array: ResultOne[]) => number, initialValue: number): number', gave the following error.
    Argument of type '(acc: number, curr: Transaction) => number' is not assignable to parameter of type '(previousValue: number, currentValue: ResultOne, currentIndex: number, array: ResultOne[]) => number'.
      Types of parameters 'curr' and 'currentValue' are incompatible.
        Type 'ResultOne' is not assignable to type 'Transaction'.
src/pages/admin/AdminPayments.tsx(73,46): error TS2769: No overload matches this call.
  Overload 1 of 2, '(predicate: (value: ResultOne, index: number, array: ResultOne[]) => value is ResultOne, thisArg?: any): ResultOne[]', gave the following error.
    Argument of type '(p: Transaction) => boolean' is not assignable to parameter of type '(value: ResultOne, index: number, array: ResultOne[]) => value is ResultOne'.
      Types of parameters 'p' and 'value' are incompatible.
        Type 'ResultOne' is not assignable to type 'Transaction'.
  Overload 2 of 2, '(predicate: (value: ResultOne, index: number, array: ResultOne[]) => unknown, thisArg?: any): ResultOne[]', gave the following error.
    Argument of type '(p: Transaction) => boolean' is not assignable to parameter of type '(value: ResultOne, index: number, array: ResultOne[]) => unknown'.
      Types of parameters 'p' and 'value' are incompatible.
        Type 'ResultOne' is not assignable to type 'Transaction'.
src/pages/admin/AdminPayments.tsx(112,50): error TS2339: Property 'toLocaleString' does not exist on type 'ResultOne'.
src/pages/admin/AdminPayments.tsx(129,51): error TS2339: Property 'toLocaleString' does not exist on type 'ResultOne'.
src/pages/admin/AdminPayments.tsx(210,58): error TS2345: Argument of type '(payment: Transaction) => JSX.Element' is not assignable to parameter of type '(value: ResultOne, index: number, array: ResultOne[]) => Element'.
  Types of parameters 'payment' and 'value' are incompatible.
    Type 'ResultOne' is not assignable to type 'Transaction'.
src/pages/admin/AdminSalaries.tsx(36,11): error TS2430: Interface 'SalaryWithTeacher' incorrectly extends interface 'SalaryRecord'.
  Types of property 'teacher' are incompatible.
    Type '{ id: string; profile: { full_name: string | null; avatar_url: string | null; } | null; } | null' is not assignable to type 'Teacher | undefined'.
      Type 'null' is not assignable to type 'Teacher | undefined'.
src/pages/admin/AdminSalaries.tsx(76,26): error TS2339: Property 'toLowerCase' does not exist on type 'number'.
src/pages/admin/AdminSalaries.tsx(130,110): error TS2339: Property 'total_deductions' does not exist on type 'SalaryWithTeacher'.
src/pages/admin/AdminSalaries.tsx(193,64): error TS2339: Property 'classes_count' does not exist on type 'SalaryWithTeacher'.
src/pages/admin/AdminSalaries.tsx(194,65): error TS2339: Property 'base_salary' does not exist on type 'SalaryWithTeacher'.
src/pages/admin/AdminSchedule.tsx(32,44): error TS2345: Argument of type 'string' is not assignable to parameter of type 'NonNullable<"no_answer" | "scheduled" | "in_progress" | "completed" | "missed" | "cancelled" | "on_leave" | null>'.
src/pages/admin/AdminSchedule.tsx(161,127): error TS2538: Type 'null' cannot be used as an index type.
src/pages/admin/AdminSchedule.tsx(162,50): error TS18047: 'cls.status' is possibly 'null'.
src/pages/admin/AdminStudents.tsx(459,70): error TS2322: Type 'string | null' is not assignable to type 'string | undefined'.
  Type 'null' is not assignable to type 'string | undefined'.
src/pages/admin/AdminTeachers.tsx(237,74): error TS2322: Type 'string | null' is not assignable to type 'string | undefined'.
  Type 'null' is not assignable to type 'string | undefined'.
src/pages/admin/Logs.tsx(30,20): error TS2352: Conversion of type '{ action: string; admin_id: string | null; created_at: string; details: Json; id: string; ip_address: unknown; target_resource: string | null; }[]' to type 'AuditLog[]' may be a mistake because neither type sufficiently overlaps with the other. If this was intentional, convert the expression to 'unknown' first.
  Property 'user_id' is missing in type '{ action: string; admin_id: string | null; created_at: string; details: Json; id: string; ip_address: unknown; target_resource: string | null; }' but required in type 'AuditLog'.
src/pages/admin/TeacherApprovals.tsx(21,10): error TS2305: Module '"@/types/database"' has no exported member 'TeacherStatus'.
src/pages/Announcements.tsx(115,51): error TS2339: Property 'published_at' does not exist on type 'Announcement'.
src/pages/Attendance.tsx(130,28): error TS2345: Argument of type '{ id: string; student_id: string | null; }[]' is not assignable to parameter of type '{ id: string; student_id: string; }[]'.
  Type '{ id: string; student_id: string | null; }' is not assignable to type '{ id: string; student_id: string; }'.
    Types of property 'student_id' are incompatible.
      Type 'string | null' is not assignable to type 'string'.
        Type 'null' is not assignable to type 'string'.
src/pages/Attendance.tsx(157,9): error TS2322: Type '(Class & { student: Student; })[]' is not assignable to type 'ClassNeedingAttendance[]'.
  Type 'Class & { student: Student; }' is not assignable to type 'ClassNeedingAttendance'.
    Types of property 'student_id' are incompatible.
      Type 'string | null' is not assignable to type 'string'.
        Type 'null' is not assignable to type 'string'.
src/pages/Classes.tsx(144,13): error TS2322: Type 'import("C:/Users/FCC/Downloads/warm-web-core-main/warm-web-core-main/src/types/database").Student[]' is not assignable to type 'Student[]'.
  Type 'import("C:/Users/FCC/Downloads/warm-web-core-main/warm-web-core-main/src/types/database").Student' is not assignable to type 'Student'.
    Types of property 'full_name' are incompatible.
      Type 'string | null' is not assignable to type 'string'.
        Type 'null' is not assignable to type 'string'.
src/pages/ClassRoom.tsx(138,13): error TS2322: Type 'string | null' is not assignable to type 'string'.
  Type 'null' is not assignable to type 'string'.
src/pages/ClassSchedule.tsx(191,26): error TS2339: Property 'scheduled_date' does not exist on type 'ClassWithStudent'.
src/pages/Dashboard.tsx(24,15): error TS2305: Module '"@/types/database"' has no exported member 'DashboardStats'.
src/pages/Dashboard.tsx(65,27): error TS2339: Property 'rating_concentration' does not exist on type 'SelectQueryError<"column 'rating_concentration' does not exist on 'lessons'.">'.
src/pages/Dashboard.tsx(65,59): error TS2339: Property 'rating_revision' does not exist on type 'SelectQueryError<"column 'rating_concentration' does not exist on 'lessons'.">'.
src/pages/Dashboard.tsx(65,86): error TS2339: Property 'rating_progress' does not exist on type 'SelectQueryError<"column 'rating_concentration' does not exist on 'lessons'.">'.
src/pages/Dashboard.tsx(94,70): error TS18047: 'curr.duration_minutes' is possibly 'null'.
src/pages/Dashboard.tsx(204,14): error TS2352: Conversion of type '{ actual_end_time: string | null; actual_start_time: string | null; call_room_id: string | null; call_room_url: string | null; created_at: string; description: string | null; duration_minutes: number | null; ... 14 more ...; student: { ...; } | null; }[]' to type 'TodayClass[]' may be a mistake because neither type sufficiently overlaps with the other. If this was intentional, convert the expression to 'unknown' first.
  Type '{ actual_end_time: string | null; actual_start_time: string | null; call_room_id: string | null; call_room_url: string | null; created_at: string; description: string | null; duration_minutes: number | null; ... 14 more ...; student: { ...; } | null; }' is not comparable to type 'TodayClass'.
    Types of property 'student' are incompatible.
      Type '{ created_at: string; current_juzz: number | null; current_streak: number | null; current_surah: string | null; full_name: string; id: string; is_active: boolean | null; last_activity_date: string | null; ... 7 more ...; user_id: string | null; } | null' is not comparable to type 'Student'.
        Type '{ created_at: string; current_juzz: number | null; current_streak: number | null; current_surah: string | null; full_name: string; id: string; is_active: boolean | null; last_activity_date: string | null; ... 7 more ...; user_id: string | null; }' is missing the following properties from type 'Student': email, phone, avatar_url, country_code, and 11 more.
src/pages/Dashboard.tsx(455,76): error TS2322: Type 'string | null' is not assignable to type 'string | undefined'.
  Type 'null' is not assignable to type 'string | undefined'.
src/pages/Dashboard.tsx(545,70): error TS2322: Type 'string | null' is not assignable to type 'string | undefined'.
  Type 'null' is not assignable to type 'string | undefined'.
src/pages/Deductions.tsx(19,42): error TS2339: Property 'review_status' does not exist on type '{ amount: number; created_at: string; description: string | null; id: string; reason: string; teacher_id: string | null; }'.
src/pages/Deductions.tsx(21,41): error TS2339: Property 'review_status' does not exist on type '{ amount: number; created_at: string; description: string | null; id: string; reason: string; teacher_id: string | null; }'.
src/pages/Deductions.tsx(104,42): error TS2339: Property 'review_requested' does not exist on type '{ amount: number; created_at: string; description: string | null; id: string; reason: string; teacher_id: string | null; }'.
src/pages/Deductions.tsx(104,65): error TS2339: Property 'review_status' does not exist on type '{ amount: number; created_at: string; description: string | null; id: string; reason: string; teacher_id: string | null; }'.
src/pages/Deductions.tsx(118,54): error TS2339: Property 'review_status' does not exist on type '{ amount: number; created_at: string; description: string | null; id: string; reason: string; teacher_id: string | null; }'.
src/pages/Deductions.tsx(121,49): error TS2339: Property 'review_status' does not exist on type '{ amount: number; created_at: string; description: string | null; id: string; reason: string; teacher_id: string | null; }'.
src/pages/ExaminerRemarks.tsx(26,38): error TS2339: Property 'teacher_response' does not exist on type '{ student?: { created_at: string; current_juzz: number | null; current_streak: number | null; current_surah: string | null; full_name: string; id: string; is_active: boolean | null; ... 8 more ...; user_id: string | null; } | null | undefined; lesson?: { ...; } | ... 1 more ... | undefined; }'.
src/pages/ExaminerRemarks.tsx(28,37): error TS2339: Property 'teacher_response' does not exist on type '{ student?: { created_at: string; current_juzz: number | null; current_streak: number | null; current_surah: string | null; full_name: string; id: string; is_active: boolean | null; ... 8 more ...; user_id: string | null; } | null | undefined; lesson?: { ...; } | ... 1 more ... | undefined; }'.
src/pages/ExaminerRemarks.tsx(33,37): error TS2551: Property 'student_id' does not exist on type '{ student?: { created_at: string; current_juzz: number | null; current_streak: number | null; current_surah: string | null; full_name: string; id: string; is_active: boolean | null; ... 8 more ...; user_id: string | null; } | null | undefined; lesson?: { ...; } | ... 1 more ... | undefined; }'. Did you mean 'student'?
src/pages/ExaminerRemarks.tsx(136,31): error TS2339: Property 'id' does not exist on type '{ student?: { created_at: string; current_juzz: number | null; current_streak: number | null; current_surah: string | null; full_name: string; id: string; is_active: boolean | null; ... 8 more ...; user_id: string | null; } | null | undefined; lesson?: { ...; } | ... 1 more ... | undefined; }'.
src/pages/FindStudents.tsx(65,15): error TS2769: No overload matches this call.
  Overload 1 of 2, '(relation: "announcements" | "classes" | "students" | "exams" | "exam_grading" | "teachers" | "exam_requests" | "feedback" | "achievements" | "profiles" | "auth_activity_logs" | "admin_audit_logs" | ... 18 more ... | "user_roles"): PostgrestQueryBuilder<...>', gave the following error.
    Argument of type '"teacher_student_messages"' is not assignable to parameter of type '"announcements" | "classes" | "students" | "exams" | "exam_grading" | "teachers" | "exam_requests" | "feedback" | "achievements" | "profiles" | "auth_activity_logs" | "admin_audit_logs" | ... 18 more ... | "user_roles"'.
  Overload 2 of 2, '(relation: never): PostgrestQueryBuilder<{ PostgrestVersion: "12"; }, { Tables: { achievements: { Row: { created_at: string; description: string; icon: string; id: string; requirement_type: string; requirement_value: number; title: string; }; Insert: { ...; }; Update: { ...; }; Relationships: []; }; ... 29 more ...; user_roles: { ...; }; }; Views: {}; Functions: { ...; }; Enums: { ...; }; CompositeTypes: {}; }, never, never, never>', gave the following error.
    Argument of type '"teacher_student_messages"' is not assignable to parameter of type 'never'.
src/pages/FindStudents.tsx(72,19): error TS2352: Conversion of type '({ created_at: string; current_juzz: number | null; current_streak: number | null; current_surah: string | null; full_name: string; id: string; is_active: boolean | null; last_activity_date: string | null; ... 7 more ...; user_id: string | null; } | ... 29 more ... | { ...; })[]' to type 'Message[]' may be a mistake because neither type sufficiently overlaps with the other. If this was intentional, convert the expression to 'unknown' first.
  Type '{ created_at: string; current_juzz: number | null; current_streak: number | null; current_surah: string | null; full_name: string; id: string; is_active: boolean | null; last_activity_date: string | null; ... 7 more ...; user_id: string | null; } | ... 29 more ... | { ...; }' is not comparable to type 'Message'.
    Type '{ created_at: string; id: string; role: "admin" | "teacher" | "student"; user_id: string | null; }' is missing the following properties from type 'Message': message, sender_type, student_id, teacher_id, is_read
src/pages/FindStudents.tsx(86,15): error TS2769: No overload matches this call.
  Overload 1 of 2, '(relation: "announcements" | "classes" | "students" | "exams" | "exam_grading" | "teachers" | "exam_requests" | "feedback" | "achievements" | "profiles" | "auth_activity_logs" | "admin_audit_logs" | ... 18 more ... | "user_roles"): PostgrestQueryBuilder<...>', gave the following error.
    Argument of type '"students_public"' is not assignable to parameter of type '"announcements" | "classes" | "students" | "exams" | "exam_grading" | "teachers" | "exam_requests" | "feedback" | "achievements" | "profiles" | "auth_activity_logs" | "admin_audit_logs" | ... 18 more ... | "user_roles"'.
  Overload 2 of 2, '(relation: never): PostgrestQueryBuilder<{ PostgrestVersion: "12"; }, { Tables: { achievements: { Row: { created_at: string; description: string; icon: string; id: string; requirement_type: string; requirement_value: number; title: string; }; Insert: { ...; }; Update: { ...; }; Relationships: []; }; ... 29 more ...; user_roles: { ...; }; }; Views: {}; Functions: { ...; }; Enums: { ...; }; CompositeTypes: {}; }, never, never, never>', gave the following error.
    Argument of type '"students_public"' is not assignable to parameter of type 'never'.
src/pages/FindStudents.tsx(88,22): error TS2345: Argument of type 'AbortSignal | undefined' is not assignable to parameter of type 'AbortSignal'.
  Type 'undefined' is not assignable to type 'AbortSignal'.
src/pages/FindStudents.tsx(97,19): error TS2345: Argument of type '({ created_at: string; current_juzz: number | null; current_streak: number | null; current_surah: string | null; full_name: string; id: string; is_active: boolean | null; last_activity_date: string | null; ... 7 more ...; user_id: string | null; } | ... 29 more ... | { ...; })[]' is not assignable to parameter of type 'SetStateAction<StudentPublic[]>'.
  Type '({ created_at: string; current_juzz: number | null; current_streak: number | null; current_surah: string | null; full_name: string; id: string; is_active: boolean | null; last_activity_date: string | null; ... 7 more ...; user_id: string | null; } | ... 29 more ... | { ...; })[]' is not assignable to type 'StudentPublic[]'.
    Type '{ created_at: string; current_juzz: number | null; current_streak: number | null; current_surah: string | null; full_name: string; id: string; is_active: boolean | null; last_activity_date: string | null; ... 7 more ...; user_id: string | null; } | ... 29 more ... | { ...; }' is not assignable to type 'StudentPublic'.
      Type '{ created_at: string; current_juzz: number | null; current_streak: number | null; current_surah: string | null; full_name: string; id: string; is_active: boolean | null; last_activity_date: string | null; ... 7 more ...; user_id: string | null; }' is missing the following properties from type 'StudentPublic': avatar_url, country, course_level, language_pref
src/pages/FindStudents.tsx(97,47): error TS2339: Property 'teacher_id' does not exist on type '{ created_at: string; current_juzz: number | null; current_streak: number | null; current_surah: string | null; full_name: string; id: string; is_active: boolean | null; last_activity_date: string | null; ... 7 more ...; user_id: string | null; } | ... 29 more ... | { ...; }'.
  Property 'teacher_id' does not exist on type '{ avatar_url: string | null; country: string | null; created_at: string; email: string; full_name: string; id: string; language_pref: string | null; phone: string | null; updated_at: string; user_id: string | null; }'.
src/pages/FindStudents.tsx(183,15): error TS2769: No overload matches this call.
  Overload 1 of 2, '(relation: "announcements" | "classes" | "students" | "exams" | "exam_grading" | "teachers" | "exam_requests" | "feedback" | "achievements" | "profiles" | "auth_activity_logs" | "admin_audit_logs" | ... 18 more ... | "user_roles"): PostgrestQueryBuilder<...>', gave the following error.
    Argument of type '"teacher_student_messages"' is not assignable to parameter of type '"announcements" | "classes" | "students" | "exams" | "exam_grading" | "teachers" | "exam_requests" | "feedback" | "achievements" | "profiles" | "auth_activity_logs" | "admin_audit_logs" | ... 18 more ... | "user_roles"'.
  Overload 2 of 2, '(relation: never): PostgrestQueryBuilder<{ PostgrestVersion: "12"; }, { Tables: { achievements: { Row: { created_at: string; description: string; icon: string; id: string; requirement_type: string; requirement_value: number; title: string; }; Insert: { ...; }; Update: { ...; }; Relationships: []; }; ... 29 more ...; user_roles: { ...; }; }; Views: {}; Functions: { ...; }; Enums: { ...; }; CompositeTypes: {}; }, never, never, never>', gave the following error.
    Argument of type '"teacher_student_messages"' is not assignable to parameter of type 'never'.
src/pages/FindTutors.tsx(59,26): error TS2345: Argument of type '(string | null)[]' is not assignable to parameter of type 'SetStateAction<string[]>'.
  Type '(string | null)[]' is not assignable to type 'string[]'.
    Type 'string | null' is not assignable to type 'string'.
      Type 'null' is not assignable to type 'string'.
src/pages/LessonHistory.tsx(49,11): error TS2339: Property 'comments' does not exist on type 'Lesson'.
src/pages/Onboarding.tsx(76,25): error TS2353: Object literal may only specify known properties, and 'timezone' does not exist in type '{ created_at?: string | undefined; current_juzz?: number | null | undefined; current_streak?: number | null | undefined; current_surah?: string | null | undefined; full_name?: string | undefined; ... 10 more ...; user_id?: string | ... 1 more ... | undefined; }'.
src/pages/Reminders.tsx(22,41): error TS2339: Property 'is_completed' does not exist on type '{ student?: { created_at: string; current_juzz: number | null; current_streak: number | null; current_surah: string | null; full_name: string; id: string; is_active: boolean | null; ... 8 more ...; user_id: string | null; } | null | undefined; }'.
src/pages/Reminders.tsx(22,68): error TS2339: Property 'remind_at' does not exist on type '{ student?: { created_at: string; current_juzz: number | null; current_streak: number | null; current_surah: string | null; full_name: string; id: string; is_active: boolean | null; ... 8 more ...; user_id: string | null; } | null | undefined; }'.
src/pages/Reminders.tsx(24,41): error TS2339: Property 'is_completed' does not exist on type '{ student?: { created_at: string; current_juzz: number | null; current_streak: number | null; current_surah: string | null; full_name: string; id: string; is_active: boolean | null; ... 8 more ...; user_id: string | null; } | null | undefined; }'.
src/pages/Reminders.tsx(24,68): error TS2339: Property 'remind_at' does not exist on type '{ student?: { created_at: string; current_juzz: number | null; current_streak: number | null; current_surah: string | null; full_name: string; id: string; is_active: boolean | null; ... 8 more ...; user_id: string | null; } | null | undefined; }'.
src/pages/Reminders.tsx(26,40): error TS2339: Property 'is_completed' does not exist on type '{ student?: { created_at: string; current_juzz: number | null; current_streak: number | null; current_surah: string | null; full_name: string; id: string; is_active: boolean | null; ... 8 more ...; user_id: string | null; } | null | undefined; }'.
src/pages/Reminders.tsx(137,33): error TS2339: Property 'id' does not exist on type '{ student?: { created_at: string; current_juzz: number | null; current_streak: number | null; current_surah: string | null; full_name: string; id: string; is_active: boolean | null; ... 8 more ...; user_id: string | null; } | null | undefined; }'.
src/pages/Reminders.tsx(155,9): error TS2322: Type '{ id: string; full_name: string | null; }[]' is not assignable to type '{ id: string; full_name: string; }[]'.
  Type '{ id: string; full_name: string | null; }' is not assignable to type '{ id: string; full_name: string; }'.
    Types of property 'full_name' are incompatible.
      Type 'string | null' is not assignable to type 'string'.
        Type 'null' is not assignable to type 'string'.
src/pages/student/MyTeacher.tsx(72,100): error TS2322: Type 'string | null | undefined' is not assignable to type 'string | undefined'.
  Type 'null' is not assignable to type 'string | undefined'.
src/pages/student/Requests.tsx(177,76): error TS2322: Type 'string | null' is not assignable to type 'string | undefined'.
  Type 'null' is not assignable to type 'string | undefined'.
src/pages/student/Requests.tsx(272,76): error TS2322: Type 'string | null' is not assignable to type 'string | undefined'.
  Type 'null' is not assignable to type 'string | undefined'.
src/pages/student/StudentDashboard.tsx(71,74): error TS18047: 'curr.duration_minutes' is possibly 'null'.
src/pages/StudentProfile.tsx(199,20): error TS18047: 'student.full_name' is possibly 'null'.
src/pages/StudentProfile.tsx(224,62): error TS2322: Type 'string | null' is not assignable to type 'string | undefined'.
  Type 'null' is not assignable to type 'string | undefined'.
src/pages/StudentProfile.tsx(397,88): error TS2769: No overload matches this call.
  Overload 1 of 4, '(value: string | number | Date): Date', gave the following error.
    Argument of type 'string | null' is not assignable to parameter of type 'string | number | Date'.
      Type 'null' is not assignable to type 'string | number | Date'.
  Overload 2 of 4, '(value: string | number): Date', gave the following error.
    Argument of type 'string | null' is not assignable to parameter of type 'string | number'.
      Type 'null' is not assignable to type 'string | number'.
src/pages/Students.tsx(32,9): error TS18047: 'student.full_name' is possibly 'null'.
src/pages/Students.tsx(44,18): error TS18047: 'a.full_name' is possibly 'null'.
src/pages/Students.tsx(44,44): error TS2769: No overload matches this call.
  Overload 1 of 3, '(that: string, locales?: LocalesArgument, options?: CollatorOptions | undefined): number', gave the following error.
    Argument of type 'string | null' is not assignable to parameter of type 'string'.
      Type 'null' is not assignable to type 'string'.
  Overload 2 of 3, '(that: string, locales?: string | string[] | undefined, options?: CollatorOptions | undefined): number', gave the following error.
    Argument of type 'string | null' is not assignable to parameter of type 'string'.
      Type 'null' is not assignable to type 'string'.
  Overload 3 of 3, '(that: string): number', gave the following error.
    Argument of type 'string | null' is not assignable to parameter of type 'string'.
      Type 'null' is not assignable to type 'string'.
src/pages/Students.tsx(46,18): error TS18047: 'b.full_name' is possibly 'null'.
src/pages/Students.tsx(46,44): error TS2769: No overload matches this call.
  Overload 1 of 3, '(that: string, locales?: LocalesArgument, options?: CollatorOptions | undefined): number', gave the following error.
    Argument of type 'string | null' is not assignable to parameter of type 'string'.
      Type 'null' is not assignable to type 'string'.
  Overload 2 of 3, '(that: string, locales?: string | string[] | undefined, options?: CollatorOptions | undefined): number', gave the following error.
    Argument of type 'string | null' is not assignable to parameter of type 'string'.
      Type 'null' is not assignable to type 'string'.
  Overload 3 of 3, '(that: string): number', gave the following error.
    Argument of type 'string | null' is not assignable to parameter of type 'string'.
      Type 'null' is not assignable to type 'string'.
src/pages/TodayClasses.tsx(83,14): error TS2352: Conversion of type '{ actual_end_time: string | null; actual_start_time: string | null; call_room_id: string | null; call_room_url: string | null; created_at: string; description: string | null; duration_minutes: number | null; ... 14 more ...; student: { ...; } | null; }[]' to type 'TodayClass[]' may be a mistake because neither type sufficiently overlaps with the other. If this was intentional, convert the expression to 'unknown' first.
  Type '{ actual_end_time: string | null; actual_start_time: string | null; call_room_id: string | null; call_room_url: string | null; created_at: string; description: string | null; duration_minutes: number | null; ... 14 more ...; student: { ...; } | null; }' is not comparable to type 'TodayClass'.
    Types of property 'student' are incompatible.
      Type '{ created_at: string; current_juzz: number | null; current_streak: number | null; current_surah: string | null; full_name: string; id: string; is_active: boolean | null; last_activity_date: string | null; ... 7 more ...; user_id: string | null; } | null' is not comparable to type 'Student'.
        Type '{ created_at: string; current_juzz: number | null; current_streak: number | null; current_surah: string | null; full_name: string; id: string; is_active: boolean | null; last_activity_date: string | null; ... 7 more ...; user_id: string | null; }' is missing the following properties from type 'Student': email, phone, avatar_url, country_code, and 11 more.
